#
# A fatal error has been detected by the Java Runtime Environment:
#
#  EXCEPTION_ACCESS_VIOLATION (0xc0000005) at pc=0x00007ffee9dfc48a, pid=15564, tid=20304
#
# JRE version: Java(TM) SE Runtime Environment 18.9 (11.0.11+9) (build 11.0.11+9-LTS-194)
# Java VM: Java HotSpot(TM) 64-Bit Server VM 18.9 (11.0.11+9-LTS-194, mixed mode, tiered, compressed oops, g1 gc, windows-amd64)
# Problematic frame:
# C  [lwjgl_opengl.dll+0xc48a]
#
# No core dump will be written. Minidumps are not enabled by default on client versions of Windows
#
# If you would like to submit a bug report, please visit:
#   https://bugreport.java.com/bugreport/crash.jsp
# The crash happened outside the Java Virtual Machine in native code.
# See problematic frame for where to report the bug.
#

---------------  S U M M A R Y ------------

Command Line: -javaagent:C:\Program Files\JetBrains\IntelliJ IDEA Community Edition 2021.1.1\lib\idea_rt.jar=58346:C:\Program Files\JetBrains\IntelliJ IDEA Community Edition 2021.1.1\bin -Dfile.encoding=UTF-8 Main

Host: AMD Ryzen 7 5800X 8-Core Processor             , 16 cores, 127G,  Windows 10 , 64 bit Build 19041 (10.0.19041.1889)
Time: Wed Oct  5 13:55:44 2022 Eastern Daylight Time elapsed time: 0.359237 seconds (0d 0h 0m 0s)

---------------  T H R E A D  ---------------

Current thread (0x00000193ea009000):  JavaThread "main" [_thread_in_native, id=20304, stack(0x00000067b5400000,0x00000067b5500000)]

Stack: [0x00000067b5400000,0x00000067b5500000],  sp=0x00000067b54fef28,  free space=1019k
Native frames: (J=compiled Java code, j=interpreted, Vv=VM code, C=native code)
C  [lwjgl_opengl.dll+0xc48a]

Java frames: (J=compiled Java code, j=interpreted, Vv=VM code)
j  org.lwjgl.opengl.GL11C.glClear(I)V+0
j  org.lwjgl.opengl.GL11.glClear(I)V+1
j  Main.loop()V+13
j  Main.run()V+6
j  Main.main([Ljava/lang/String;)V+7
v  ~StubRoutines::call_stub

siginfo: EXCEPTION_ACCESS_VIOLATION (0xc0000005), reading address 0x0000000000000060


Register to memory mapping:

RIP=0x00007ffee9dfc48a lwjgl_opengl.dll
RAX=0x00000193cd4591b0 points into unknown readable memory: 00 00 00 00 00 00 00 00
RBX={method} {0x00000193d5f6de28} 'glClear' '(I)V' in 'org/lwjgl/opengl/GL11C'
RCX=0x0000000000004000 is an unknown value
RDX=0x0 is NULL
RSP=0x00000067b54fef28 is pointing into the stack for thread: 0x00000193ea009000
RBP=0x00000067b54fefa0 is pointing into the stack for thread: 0x00000193ea009000
RSI=0x0 is NULL
RDI=0x000001938000a127 is at code_begin+2343 in an Interpreter codelet
invoke return entry points  [0x0000019380009800, 0x000001938000a200]  2560 bytes
R8 =0x0000000000004000 is an unknown value
R9 =0x0000000000000002 is an unknown value
R10=0x000001938000f348 is at code_begin+1000 in an Interpreter codelet
method entry point (kind = native)  [0x000001938000ef60, 0x000001938000fa00]  2720 bytes
R11=0x000000010124df18 is an oop: java.lang.Class 
{0x000000010124df18} - klass: 'java/lang/Class'
R12=0x0 is NULL
R13=0x00000193d5f6de18 is pointing into metadata
R14=0x00000067b54fefc0 is pointing into the stack for thread: 0x00000193ea009000
R15=0x00000193ea009000 is a thread


Registers:
RAX=0x00000193cd4591b0, RBX=0x00000193d5f6de20, RCX=0x0000000000004000, RDX=0x0000000000000000
RSP=0x00000067b54fef28, RBP=0x00000067b54fefa0, RSI=0x0000000000000000, RDI=0x000001938000a127
R8 =0x0000000000004000, R9 =0x0000000000000002, R10=0x000001938000f348, R11=0x000000010124df18
R12=0x0000000000000000, R13=0x00000193d5f6de18, R14=0x00000067b54fefc0, R15=0x00000193ea009000
RIP=0x00007ffee9dfc48a, EFLAGS=0x0000000000010206

Top of Stack: (sp=0x00000067b54fef28)
0x00000067b54fef28:   000001938000f377 00000193ea009000
0x00000067b54fef38:   00000193d5f6de20 00000067b54fefa0
0x00000067b54fef48:   0000000000000000 000001938000f016
0x00000067b54fef58:   00000067b54fef58 00000193d5f6de18
0x00000067b54fef68:   00000067b54fefc0 00000193d5f79378
0x00000067b54fef78:   0000000000000000 000000010124df18
0x00000067b54fef88:   00000193d5f6de20 0000000000000000
0x00000067b54fef98:   00000067b54fefc0 00000067b54ff010
0x00000067b54fefa8:   000001938000a127 000000010124df18
0x00000067b54fefb8:   000001938000c2f8 0000000000004000
0x00000067b54fefc8:   00000067b54fefc8 00000193d5f2b961
0x00000067b54fefd8:   00000067b54ff020 00000193d5f56c40
0x00000067b54fefe8:   0000000000000000 00000001011947b0
0x00000067b54feff8:   00000193d5f2b988 00000067b54fefc0
0x00000067b54ff008:   00000067b54ff020 00000067b54ff070
0x00000067b54ff018:   000001938000a127 0000000000004000 

Instructions: (pc=0x00007ffee9dfc48a)
0x00007ffee9dfc46a:   8b 50 18 49 ff 62 48 cc cc cc cc cc cc cc cc cc
0x00007ffee9dfc47a:   cc cc cc cc cc cc 48 8b 01 41 8b c8 48 8b 50 18
0x00007ffee9dfc48a:   48 ff 62 60 cc cc 48 8b 01 0f 28 cb f3 0f 10 5c
0x00007ffee9dfc49a:   24 30 0f 28 c2 f3 0f 10 54 24 28 48 8b 48 18 48 


Stack slot to memory mapping:
stack at sp + 0 slots: 0x000001938000f377 is at code_begin+1047 in an Interpreter codelet
method entry point (kind = native)  [0x000001938000ef60, 0x000001938000fa00]  2720 bytes
stack at sp + 1 slots: 0x00000193ea009000 is a thread
stack at sp + 2 slots: {method} {0x00000193d5f6de28} 'glClear' '(I)V' in 'org/lwjgl/opengl/GL11C'
stack at sp + 3 slots: 0x00000067b54fefa0 is pointing into the stack for thread: 0x00000193ea009000
stack at sp + 4 slots: 0x0 is NULL
stack at sp + 5 slots: 0x000001938000f016 is at code_begin+182 in an Interpreter codelet
method entry point (kind = native)  [0x000001938000ef60, 0x000001938000fa00]  2720 bytes
stack at sp + 6 slots: 0x00000067b54fef58 is pointing into the stack for thread: 0x00000193ea009000
stack at sp + 7 slots: 0x00000193d5f6de18 is pointing into metadata


---------------  P R O C E S S  ---------------

Threads class SMR info:
_java_thread_list=0x00000193cd421db0, length=13, elements={
0x00000193ea009000, 0x00000193ff798000, 0x00000193ff79b800, 0x00000193ccf53800,
0x00000193ccf54000, 0x00000193ccf58000, 0x00000193ccf64000, 0x00000193ccf73000,
0x00000193cd029000, 0x00000193cd0c7000, 0x00000193cd0c8000, 0x00000193cd308800,
0x00000193cd309800
}

Java Threads: ( => current thread )
=>0x00000193ea009000 JavaThread "main" [_thread_in_native, id=20304, stack(0x00000067b5400000,0x00000067b5500000)]
  0x00000193ff798000 JavaThread "Reference Handler" daemon [_thread_blocked, id=13716, stack(0x00000067b5b00000,0x00000067b5c00000)]
  0x00000193ff79b800 JavaThread "Finalizer" daemon [_thread_blocked, id=15380, stack(0x00000067b5c00000,0x00000067b5d00000)]
  0x00000193ccf53800 JavaThread "Signal Dispatcher" daemon [_thread_blocked, id=15400, stack(0x00000067b5d00000,0x00000067b5e00000)]
  0x00000193ccf54000 JavaThread "Attach Listener" daemon [_thread_blocked, id=21588, stack(0x00000067b5e00000,0x00000067b5f00000)]
  0x00000193ccf58000 JavaThread "C2 CompilerThread0" daemon [_thread_blocked, id=13188, stack(0x00000067b5f00000,0x00000067b6000000)]
  0x00000193ccf64000 JavaThread "C1 CompilerThread0" daemon [_thread_blocked, id=17932, stack(0x00000067b6000000,0x00000067b6100000)]
  0x00000193ccf73000 JavaThread "Sweeper thread" daemon [_thread_blocked, id=15560, stack(0x00000067b6100000,0x00000067b6200000)]
  0x00000193cd029000 JavaThread "Common-Cleaner" daemon [_thread_blocked, id=12876, stack(0x00000067b6200000,0x00000067b6300000)]
  0x00000193cd0c7000 JavaThread "C1 CompilerThread1" daemon [_thread_blocked, id=18876, stack(0x00000067b6300000,0x00000067b6400000)]
  0x00000193cd0c8000 JavaThread "C1 CompilerThread2" daemon [_thread_blocked, id=22328, stack(0x00000067b6400000,0x00000067b6500000)]
  0x00000193cd308800 JavaThread "Monitor Ctrl-Break" daemon [_thread_in_native, id=9100, stack(0x00000067b6700000,0x00000067b6800000)]
  0x00000193cd309800 JavaThread "Service Thread" daemon [_thread_blocked, id=16348, stack(0x00000067b6800000,0x00000067b6900000)]

Other Threads:
  0x00000193ff796800 VMThread "VM Thread" [stack: 0x00000067b5a00000,0x00000067b5b00000] [id=11880]
  0x00000193cd310800 WatcherThread [stack: 0x00000067b6900000,0x00000067b6a00000] [id=11472]
  0x00000193ea021000 GCTaskThread "GC Thread#0" [stack: 0x00000067b5500000,0x00000067b5600000] [id=1352]
  0x00000193ea08b800 ConcurrentGCThread "G1 Main Marker" [stack: 0x00000067b5600000,0x00000067b5700000] [id=9900]
  0x00000193ea08e000 ConcurrentGCThread "G1 Conc#0" [stack: 0x00000067b5700000,0x00000067b5800000] [id=17920]
  0x00000193ff5fe800 ConcurrentGCThread "G1 Refine#0" [stack: 0x00000067b5800000,0x00000067b5900000] [id=13576]
  0x00000193ff5ff000 ConcurrentGCThread "G1 Young RemSet Sampling" [stack: 0x00000067b5900000,0x00000067b5a00000] [id=20620]

Threads with active compile tasks:

VM state:not at safepoint (normal execution)

VM Mutex/Monitor currently owned by a thread: None

Heap address: 0x0000000082000000, size: 30688 MB, Compressed Oops mode: Zero based, Oop shift amount: 3
Narrow klass base: 0x0000000800000000, Narrow klass shift: 0
Compressed class space size: 1073741824 Address: 0x0000000800000000

Heap:
 garbage-first heap   total 2097152K, used 12288K [0x0000000082000000, 0x0000000800000000)
  region size 4096K, 4 young (16384K), 0 survivors (0K)
 Metaspace       used 9376K, capacity 9546K, committed 9600K, reserved 1058816K
  class space    used 765K, capacity 851K, committed 896K, reserved 1048576K
Heap Regions: E=young(eden), S=young(survivor), O=old, HS=humongous(starts), HC=humongous(continues), CS=collection set, F=free, A=archive, TAMS=top-at-mark-start (previous, next)
|   0|0x0000000082000000, 0x0000000082000000, 0x0000000082400000|  0%| F|  |TAMS 0x0000000082000000, 0x0000000082000000| Untracked 
|   1|0x0000000082400000, 0x0000000082400000, 0x0000000082800000|  0%| F|  |TAMS 0x0000000082400000, 0x0000000082400000| Untracked 
|   2|0x0000000082800000, 0x0000000082800000, 0x0000000082c00000|  0%| F|  |TAMS 0x0000000082800000, 0x0000000082800000| Untracked 
|   3|0x0000000082c00000, 0x0000000082c00000, 0x0000000083000000|  0%| F|  |TAMS 0x0000000082c00000, 0x0000000082c00000| Untracked 
|   4|0x0000000083000000, 0x0000000083000000, 0x0000000083400000|  0%| F|  |TAMS 0x0000000083000000, 0x0000000083000000| Untracked 
|   5|0x0000000083400000, 0x0000000083400000, 0x0000000083800000|  0%| F|  |TAMS 0x0000000083400000, 0x0000000083400000| Untracked 
|   6|0x0000000083800000, 0x0000000083800000, 0x0000000083c00000|  0%| F|  |TAMS 0x0000000083800000, 0x0000000083800000| Untracked 
|   7|0x0000000083c00000, 0x0000000083c00000, 0x0000000084000000|  0%| F|  |TAMS 0x0000000083c00000, 0x0000000083c00000| Untracked 
|   8|0x0000000084000000, 0x0000000084000000, 0x0000000084400000|  0%| F|  |TAMS 0x0000000084000000, 0x0000000084000000| Untracked 
|   9|0x0000000084400000, 0x0000000084400000, 0x0000000084800000|  0%| F|  |TAMS 0x0000000084400000, 0x0000000084400000| Untracked 
|  10|0x0000000084800000, 0x0000000084800000, 0x0000000084c00000|  0%| F|  |TAMS 0x0000000084800000, 0x0000000084800000| Untracked 
|  11|0x0000000084c00000, 0x0000000084c00000, 0x0000000085000000|  0%| F|  |TAMS 0x0000000084c00000, 0x0000000084c00000| Untracked 
|  12|0x0000000085000000, 0x0000000085000000, 0x0000000085400000|  0%| F|  |TAMS 0x0000000085000000, 0x0000000085000000| Untracked 
|  13|0x0000000085400000, 0x0000000085400000, 0x0000000085800000|  0%| F|  |TAMS 0x0000000085400000, 0x0000000085400000| Untracked 
|  14|0x0000000085800000, 0x0000000085800000, 0x0000000085c00000|  0%| F|  |TAMS 0x0000000085800000, 0x0000000085800000| Untracked 
|  15|0x0000000085c00000, 0x0000000085c00000, 0x0000000086000000|  0%| F|  |TAMS 0x0000000085c00000, 0x0000000085c00000| Untracked 
|  16|0x0000000086000000, 0x0000000086000000, 0x0000000086400000|  0%| F|  |TAMS 0x0000000086000000, 0x0000000086000000| Untracked 
|  17|0x0000000086400000, 0x0000000086400000, 0x0000000086800000|  0%| F|  |TAMS 0x0000000086400000, 0x0000000086400000| Untracked 
|  18|0x0000000086800000, 0x0000000086800000, 0x0000000086c00000|  0%| F|  |TAMS 0x0000000086800000, 0x0000000086800000| Untracked 
|  19|0x0000000086c00000, 0x0000000086c00000, 0x0000000087000000|  0%| F|  |TAMS 0x0000000086c00000, 0x0000000086c00000| Untracked 
|  20|0x0000000087000000, 0x0000000087000000, 0x0000000087400000|  0%| F|  |TAMS 0x0000000087000000, 0x0000000087000000| Untracked 
|  21|0x0000000087400000, 0x0000000087400000, 0x0000000087800000|  0%| F|  |TAMS 0x0000000087400000, 0x0000000087400000| Untracked 
|  22|0x0000000087800000, 0x0000000087800000, 0x0000000087c00000|  0%| F|  |TAMS 0x0000000087800000, 0x0000000087800000| Untracked 
|  23|0x0000000087c00000, 0x0000000087c00000, 0x0000000088000000|  0%| F|  |TAMS 0x0000000087c00000, 0x0000000087c00000| Untracked 
|  24|0x0000000088000000, 0x0000000088000000, 0x0000000088400000|  0%| F|  |TAMS 0x0000000088000000, 0x0000000088000000| Untracked 
|  25|0x0000000088400000, 0x0000000088400000, 0x0000000088800000|  0%| F|  |TAMS 0x0000000088400000, 0x0000000088400000| Untracked 
|  26|0x0000000088800000, 0x0000000088800000, 0x0000000088c00000|  0%| F|  |TAMS 0x0000000088800000, 0x0000000088800000| Untracked 
|  27|0x0000000088c00000, 0x0000000088c00000, 0x0000000089000000|  0%| F|  |TAMS 0x0000000088c00000, 0x0000000088c00000| Untracked 
|  28|0x0000000089000000, 0x0000000089000000, 0x0000000089400000|  0%| F|  |TAMS 0x0000000089000000, 0x0000000089000000| Untracked 
|  29|0x0000000089400000, 0x0000000089400000, 0x0000000089800000|  0%| F|  |TAMS 0x0000000089400000, 0x0000000089400000| Untracked 
|  30|0x0000000089800000, 0x0000000089800000, 0x0000000089c00000|  0%| F|  |TAMS 0x0000000089800000, 0x0000000089800000| Untracked 
|  31|0x0000000089c00000, 0x0000000089c00000, 0x000000008a000000|  0%| F|  |TAMS 0x0000000089c00000, 0x0000000089c00000| Untracked 
|  32|0x000000008a000000, 0x000000008a000000, 0x000000008a400000|  0%| F|  |TAMS 0x000000008a000000, 0x000000008a000000| Untracked 
|  33|0x000000008a400000, 0x000000008a400000, 0x000000008a800000|  0%| F|  |TAMS 0x000000008a400000, 0x000000008a400000| Untracked 
|  34|0x000000008a800000, 0x000000008a800000, 0x000000008ac00000|  0%| F|  |TAMS 0x000000008a800000, 0x000000008a800000| Untracked 
|  35|0x000000008ac00000, 0x000000008ac00000, 0x000000008b000000|  0%| F|  |TAMS 0x000000008ac00000, 0x000000008ac00000| Untracked 
|  36|0x000000008b000000, 0x000000008b000000, 0x000000008b400000|  0%| F|  |TAMS 0x000000008b000000, 0x000000008b000000| Untracked 
|  37|0x000000008b400000, 0x000000008b400000, 0x000000008b800000|  0%| F|  |TAMS 0x000000008b400000, 0x000000008b400000| Untracked 
|  38|0x000000008b800000, 0x000000008b800000, 0x000000008bc00000|  0%| F|  |TAMS 0x000000008b800000, 0x000000008b800000| Untracked 
|  39|0x000000008bc00000, 0x000000008bc00000, 0x000000008c000000|  0%| F|  |TAMS 0x000000008bc00000, 0x000000008bc00000| Untracked 
|  40|0x000000008c000000, 0x000000008c000000, 0x000000008c400000|  0%| F|  |TAMS 0x000000008c000000, 0x000000008c000000| Untracked 
|  41|0x000000008c400000, 0x000000008c400000, 0x000000008c800000|  0%| F|  |TAMS 0x000000008c400000, 0x000000008c400000| Untracked 
|  42|0x000000008c800000, 0x000000008c800000, 0x000000008cc00000|  0%| F|  |TAMS 0x000000008c800000, 0x000000008c800000| Untracked 
|  43|0x000000008cc00000, 0x000000008cc00000, 0x000000008d000000|  0%| F|  |TAMS 0x000000008cc00000, 0x000000008cc00000| Untracked 
|  44|0x000000008d000000, 0x000000008d000000, 0x000000008d400000|  0%| F|  |TAMS 0x000000008d000000, 0x000000008d000000| Untracked 
|  45|0x000000008d400000, 0x000000008d400000, 0x000000008d800000|  0%| F|  |TAMS 0x000000008d400000, 0x000000008d400000| Untracked 
|  46|0x000000008d800000, 0x000000008d800000, 0x000000008dc00000|  0%| F|  |TAMS 0x000000008d800000, 0x000000008d800000| Untracked 
|  47|0x000000008dc00000, 0x000000008dc00000, 0x000000008e000000|  0%| F|  |TAMS 0x000000008dc00000, 0x000000008dc00000| Untracked 
|  48|0x000000008e000000, 0x000000008e000000, 0x000000008e400000|  0%| F|  |TAMS 0x000000008e000000, 0x000000008e000000| Untracked 
|  49|0x000000008e400000, 0x000000008e400000, 0x000000008e800000|  0%| F|  |TAMS 0x000000008e400000, 0x000000008e400000| Untracked 
|  50|0x000000008e800000, 0x000000008e800000, 0x000000008ec00000|  0%| F|  |TAMS 0x000000008e800000, 0x000000008e800000| Untracked 
|  51|0x000000008ec00000, 0x000000008ec00000, 0x000000008f000000|  0%| F|  |TAMS 0x000000008ec00000, 0x000000008ec00000| Untracked 
|  52|0x000000008f000000, 0x000000008f000000, 0x000000008f400000|  0%| F|  |TAMS 0x000000008f000000, 0x000000008f000000| Untracked 
|  53|0x000000008f400000, 0x000000008f400000, 0x000000008f800000|  0%| F|  |TAMS 0x000000008f400000, 0x000000008f400000| Untracked 
|  54|0x000000008f800000, 0x000000008f800000, 0x000000008fc00000|  0%| F|  |TAMS 0x000000008f800000, 0x000000008f800000| Untracked 
|  55|0x000000008fc00000, 0x000000008fc00000, 0x0000000090000000|  0%| F|  |TAMS 0x000000008fc00000, 0x000000008fc00000| Untracked 
|  56|0x0000000090000000, 0x0000000090000000, 0x0000000090400000|  0%| F|  |TAMS 0x0000000090000000, 0x0000000090000000| Untracked 
|  57|0x0000000090400000, 0x0000000090400000, 0x0000000090800000|  0%| F|  |TAMS 0x0000000090400000, 0x0000000090400000| Untracked 
|  58|0x0000000090800000, 0x0000000090800000, 0x0000000090c00000|  0%| F|  |TAMS 0x0000000090800000, 0x0000000090800000| Untracked 
|  59|0x0000000090c00000, 0x0000000090c00000, 0x0000000091000000|  0%| F|  |TAMS 0x0000000090c00000, 0x0000000090c00000| Untracked 
|  60|0x0000000091000000, 0x0000000091000000, 0x0000000091400000|  0%| F|  |TAMS 0x0000000091000000, 0x0000000091000000| Untracked 
|  61|0x0000000091400000, 0x0000000091400000, 0x0000000091800000|  0%| F|  |TAMS 0x0000000091400000, 0x0000000091400000| Untracked 
|  62|0x0000000091800000, 0x0000000091800000, 0x0000000091c00000|  0%| F|  |TAMS 0x0000000091800000, 0x0000000091800000| Untracked 
|  63|0x0000000091c00000, 0x0000000091c00000, 0x0000000092000000|  0%| F|  |TAMS 0x0000000091c00000, 0x0000000091c00000| Untracked 
|  64|0x0000000092000000, 0x0000000092000000, 0x0000000092400000|  0%| F|  |TAMS 0x0000000092000000, 0x0000000092000000| Untracked 
|  65|0x0000000092400000, 0x0000000092400000, 0x0000000092800000|  0%| F|  |TAMS 0x0000000092400000, 0x0000000092400000| Untracked 
|  66|0x0000000092800000, 0x0000000092800000, 0x0000000092c00000|  0%| F|  |TAMS 0x0000000092800000, 0x0000000092800000| Untracked 
|  67|0x0000000092c00000, 0x0000000092c00000, 0x0000000093000000|  0%| F|  |TAMS 0x0000000092c00000, 0x0000000092c00000| Untracked 
|  68|0x0000000093000000, 0x0000000093000000, 0x0000000093400000|  0%| F|  |TAMS 0x0000000093000000, 0x0000000093000000| Untracked 
|  69|0x0000000093400000, 0x0000000093400000, 0x0000000093800000|  0%| F|  |TAMS 0x0000000093400000, 0x0000000093400000| Untracked 
|  70|0x0000000093800000, 0x0000000093800000, 0x0000000093c00000|  0%| F|  |TAMS 0x0000000093800000, 0x0000000093800000| Untracked 
|  71|0x0000000093c00000, 0x0000000093c00000, 0x0000000094000000|  0%| F|  |TAMS 0x0000000093c00000, 0x0000000093c00000| Untracked 
|  72|0x0000000094000000, 0x0000000094000000, 0x0000000094400000|  0%| F|  |TAMS 0x0000000094000000, 0x0000000094000000| Untracked 
|  73|0x0000000094400000, 0x0000000094400000, 0x0000000094800000|  0%| F|  |TAMS 0x0000000094400000, 0x0000000094400000| Untracked 
|  74|0x0000000094800000, 0x0000000094800000, 0x0000000094c00000|  0%| F|  |TAMS 0x0000000094800000, 0x0000000094800000| Untracked 
|  75|0x0000000094c00000, 0x0000000094c00000, 0x0000000095000000|  0%| F|  |TAMS 0x0000000094c00000, 0x0000000094c00000| Untracked 
|  76|0x0000000095000000, 0x0000000095000000, 0x0000000095400000|  0%| F|  |TAMS 0x0000000095000000, 0x0000000095000000| Untracked 
|  77|0x0000000095400000, 0x0000000095400000, 0x0000000095800000|  0%| F|  |TAMS 0x0000000095400000, 0x0000000095400000| Untracked 
|  78|0x0000000095800000, 0x0000000095800000, 0x0000000095c00000|  0%| F|  |TAMS 0x0000000095800000, 0x0000000095800000| Untracked 
|  79|0x0000000095c00000, 0x0000000095c00000, 0x0000000096000000|  0%| F|  |TAMS 0x0000000095c00000, 0x0000000095c00000| Untracked 
|  80|0x0000000096000000, 0x0000000096000000, 0x0000000096400000|  0%| F|  |TAMS 0x0000000096000000, 0x0000000096000000| Untracked 
|  81|0x0000000096400000, 0x0000000096400000, 0x0000000096800000|  0%| F|  |TAMS 0x0000000096400000, 0x0000000096400000| Untracked 
|  82|0x0000000096800000, 0x0000000096800000, 0x0000000096c00000|  0%| F|  |TAMS 0x0000000096800000, 0x0000000096800000| Untracked 
|  83|0x0000000096c00000, 0x0000000096c00000, 0x0000000097000000|  0%| F|  |TAMS 0x0000000096c00000, 0x0000000096c00000| Untracked 
|  84|0x0000000097000000, 0x0000000097000000, 0x0000000097400000|  0%| F|  |TAMS 0x0000000097000000, 0x0000000097000000| Untracked 
|  85|0x0000000097400000, 0x0000000097400000, 0x0000000097800000|  0%| F|  |TAMS 0x0000000097400000, 0x0000000097400000| Untracked 
|  86|0x0000000097800000, 0x0000000097800000, 0x0000000097c00000|  0%| F|  |TAMS 0x0000000097800000, 0x0000000097800000| Untracked 
|  87|0x0000000097c00000, 0x0000000097c00000, 0x0000000098000000|  0%| F|  |TAMS 0x0000000097c00000, 0x0000000097c00000| Untracked 
|  88|0x0000000098000000, 0x0000000098000000, 0x0000000098400000|  0%| F|  |TAMS 0x0000000098000000, 0x0000000098000000| Untracked 
|  89|0x0000000098400000, 0x0000000098400000, 0x0000000098800000|  0%| F|  |TAMS 0x0000000098400000, 0x0000000098400000| Untracked 
|  90|0x0000000098800000, 0x0000000098800000, 0x0000000098c00000|  0%| F|  |TAMS 0x0000000098800000, 0x0000000098800000| Untracked 
|  91|0x0000000098c00000, 0x0000000098c00000, 0x0000000099000000|  0%| F|  |TAMS 0x0000000098c00000, 0x0000000098c00000| Untracked 
|  92|0x0000000099000000, 0x0000000099000000, 0x0000000099400000|  0%| F|  |TAMS 0x0000000099000000, 0x0000000099000000| Untracked 
|  93|0x0000000099400000, 0x0000000099400000, 0x0000000099800000|  0%| F|  |TAMS 0x0000000099400000, 0x0000000099400000| Untracked 
|  94|0x0000000099800000, 0x0000000099800000, 0x0000000099c00000|  0%| F|  |TAMS 0x0000000099800000, 0x0000000099800000| Untracked 
|  95|0x0000000099c00000, 0x0000000099c00000, 0x000000009a000000|  0%| F|  |TAMS 0x0000000099c00000, 0x0000000099c00000| Untracked 
|  96|0x000000009a000000, 0x000000009a000000, 0x000000009a400000|  0%| F|  |TAMS 0x000000009a000000, 0x000000009a000000| Untracked 
|  97|0x000000009a400000, 0x000000009a400000, 0x000000009a800000|  0%| F|  |TAMS 0x000000009a400000, 0x000000009a400000| Untracked 
|  98|0x000000009a800000, 0x000000009a800000, 0x000000009ac00000|  0%| F|  |TAMS 0x000000009a800000, 0x000000009a800000| Untracked 
|  99|0x000000009ac00000, 0x000000009ac00000, 0x000000009b000000|  0%| F|  |TAMS 0x000000009ac00000, 0x000000009ac00000| Untracked 
| 100|0x000000009b000000, 0x000000009b000000, 0x000000009b400000|  0%| F|  |TAMS 0x000000009b000000, 0x000000009b000000| Untracked 
| 101|0x000000009b400000, 0x000000009b400000, 0x000000009b800000|  0%| F|  |TAMS 0x000000009b400000, 0x000000009b400000| Untracked 
| 102|0x000000009b800000, 0x000000009b800000, 0x000000009bc00000|  0%| F|  |TAMS 0x000000009b800000, 0x000000009b800000| Untracked 
| 103|0x000000009bc00000, 0x000000009bc00000, 0x000000009c000000|  0%| F|  |TAMS 0x000000009bc00000, 0x000000009bc00000| Untracked 
| 104|0x000000009c000000, 0x000000009c000000, 0x000000009c400000|  0%| F|  |TAMS 0x000000009c000000, 0x000000009c000000| Untracked 
| 105|0x000000009c400000, 0x000000009c400000, 0x000000009c800000|  0%| F|  |TAMS 0x000000009c400000, 0x000000009c400000| Untracked 
| 106|0x000000009c800000, 0x000000009c800000, 0x000000009cc00000|  0%| F|  |TAMS 0x000000009c800000, 0x000000009c800000| Untracked 
| 107|0x000000009cc00000, 0x000000009cc00000, 0x000000009d000000|  0%| F|  |TAMS 0x000000009cc00000, 0x000000009cc00000| Untracked 
| 108|0x000000009d000000, 0x000000009d000000, 0x000000009d400000|  0%| F|  |TAMS 0x000000009d000000, 0x000000009d000000| Untracked 
| 109|0x000000009d400000, 0x000000009d400000, 0x000000009d800000|  0%| F|  |TAMS 0x000000009d400000, 0x000000009d400000| Untracked 
| 110|0x000000009d800000, 0x000000009d800000, 0x000000009dc00000|  0%| F|  |TAMS 0x000000009d800000, 0x000000009d800000| Untracked 
| 111|0x000000009dc00000, 0x000000009dc00000, 0x000000009e000000|  0%| F|  |TAMS 0x000000009dc00000, 0x000000009dc00000| Untracked 
| 112|0x000000009e000000, 0x000000009e000000, 0x000000009e400000|  0%| F|  |TAMS 0x000000009e000000, 0x000000009e000000| Untracked 
| 113|0x000000009e400000, 0x000000009e400000, 0x000000009e800000|  0%| F|  |TAMS 0x000000009e400000, 0x000000009e400000| Untracked 
| 114|0x000000009e800000, 0x000000009e800000, 0x000000009ec00000|  0%| F|  |TAMS 0x000000009e800000, 0x000000009e800000| Untracked 
| 115|0x000000009ec00000, 0x000000009ec00000, 0x000000009f000000|  0%| F|  |TAMS 0x000000009ec00000, 0x000000009ec00000| Untracked 
| 116|0x000000009f000000, 0x000000009f000000, 0x000000009f400000|  0%| F|  |TAMS 0x000000009f000000, 0x000000009f000000| Untracked 
| 117|0x000000009f400000, 0x000000009f400000, 0x000000009f800000|  0%| F|  |TAMS 0x000000009f400000, 0x000000009f400000| Untracked 
| 118|0x000000009f800000, 0x000000009f800000, 0x000000009fc00000|  0%| F|  |TAMS 0x000000009f800000, 0x000000009f800000| Untracked 
| 119|0x000000009fc00000, 0x000000009fc00000, 0x00000000a0000000|  0%| F|  |TAMS 0x000000009fc00000, 0x000000009fc00000| Untracked 
| 120|0x00000000a0000000, 0x00000000a0000000, 0x00000000a0400000|  0%| F|  |TAMS 0x00000000a0000000, 0x00000000a0000000| Untracked 
| 121|0x00000000a0400000, 0x00000000a0400000, 0x00000000a0800000|  0%| F|  |TAMS 0x00000000a0400000, 0x00000000a0400000| Untracked 
| 122|0x00000000a0800000, 0x00000000a0800000, 0x00000000a0c00000|  0%| F|  |TAMS 0x00000000a0800000, 0x00000000a0800000| Untracked 
| 123|0x00000000a0c00000, 0x00000000a0c00000, 0x00000000a1000000|  0%| F|  |TAMS 0x00000000a0c00000, 0x00000000a0c00000| Untracked 
| 124|0x00000000a1000000, 0x00000000a1000000, 0x00000000a1400000|  0%| F|  |TAMS 0x00000000a1000000, 0x00000000a1000000| Untracked 
| 125|0x00000000a1400000, 0x00000000a1400000, 0x00000000a1800000|  0%| F|  |TAMS 0x00000000a1400000, 0x00000000a1400000| Untracked 
| 126|0x00000000a1800000, 0x00000000a1800000, 0x00000000a1c00000|  0%| F|  |TAMS 0x00000000a1800000, 0x00000000a1800000| Untracked 
| 127|0x00000000a1c00000, 0x00000000a1c00000, 0x00000000a2000000|  0%| F|  |TAMS 0x00000000a1c00000, 0x00000000a1c00000| Untracked 
| 128|0x00000000a2000000, 0x00000000a2000000, 0x00000000a2400000|  0%| F|  |TAMS 0x00000000a2000000, 0x00000000a2000000| Untracked 
| 129|0x00000000a2400000, 0x00000000a2400000, 0x00000000a2800000|  0%| F|  |TAMS 0x00000000a2400000, 0x00000000a2400000| Untracked 
| 130|0x00000000a2800000, 0x00000000a2800000, 0x00000000a2c00000|  0%| F|  |TAMS 0x00000000a2800000, 0x00000000a2800000| Untracked 
| 131|0x00000000a2c00000, 0x00000000a2c00000, 0x00000000a3000000|  0%| F|  |TAMS 0x00000000a2c00000, 0x00000000a2c00000| Untracked 
| 132|0x00000000a3000000, 0x00000000a3000000, 0x00000000a3400000|  0%| F|  |TAMS 0x00000000a3000000, 0x00000000a3000000| Untracked 
| 133|0x00000000a3400000, 0x00000000a3400000, 0x00000000a3800000|  0%| F|  |TAMS 0x00000000a3400000, 0x00000000a3400000| Untracked 
| 134|0x00000000a3800000, 0x00000000a3800000, 0x00000000a3c00000|  0%| F|  |TAMS 0x00000000a3800000, 0x00000000a3800000| Untracked 
| 135|0x00000000a3c00000, 0x00000000a3c00000, 0x00000000a4000000|  0%| F|  |TAMS 0x00000000a3c00000, 0x00000000a3c00000| Untracked 
| 136|0x00000000a4000000, 0x00000000a4000000, 0x00000000a4400000|  0%| F|  |TAMS 0x00000000a4000000, 0x00000000a4000000| Untracked 
| 137|0x00000000a4400000, 0x00000000a4400000, 0x00000000a4800000|  0%| F|  |TAMS 0x00000000a4400000, 0x00000000a4400000| Untracked 
| 138|0x00000000a4800000, 0x00000000a4800000, 0x00000000a4c00000|  0%| F|  |TAMS 0x00000000a4800000, 0x00000000a4800000| Untracked 
| 139|0x00000000a4c00000, 0x00000000a4c00000, 0x00000000a5000000|  0%| F|  |TAMS 0x00000000a4c00000, 0x00000000a4c00000| Untracked 
| 140|0x00000000a5000000, 0x00000000a5000000, 0x00000000a5400000|  0%| F|  |TAMS 0x00000000a5000000, 0x00000000a5000000| Untracked 
| 141|0x00000000a5400000, 0x00000000a5400000, 0x00000000a5800000|  0%| F|  |TAMS 0x00000000a5400000, 0x00000000a5400000| Untracked 
| 142|0x00000000a5800000, 0x00000000a5800000, 0x00000000a5c00000|  0%| F|  |TAMS 0x00000000a5800000, 0x00000000a5800000| Untracked 
| 143|0x00000000a5c00000, 0x00000000a5c00000, 0x00000000a6000000|  0%| F|  |TAMS 0x00000000a5c00000, 0x00000000a5c00000| Untracked 
| 144|0x00000000a6000000, 0x00000000a6000000, 0x00000000a6400000|  0%| F|  |TAMS 0x00000000a6000000, 0x00000000a6000000| Untracked 
| 145|0x00000000a6400000, 0x00000000a6400000, 0x00000000a6800000|  0%| F|  |TAMS 0x00000000a6400000, 0x00000000a6400000| Untracked 
| 146|0x00000000a6800000, 0x00000000a6800000, 0x00000000a6c00000|  0%| F|  |TAMS 0x00000000a6800000, 0x00000000a6800000| Untracked 
| 147|0x00000000a6c00000, 0x00000000a6c00000, 0x00000000a7000000|  0%| F|  |TAMS 0x00000000a6c00000, 0x00000000a6c00000| Untracked 
| 148|0x00000000a7000000, 0x00000000a7000000, 0x00000000a7400000|  0%| F|  |TAMS 0x00000000a7000000, 0x00000000a7000000| Untracked 
| 149|0x00000000a7400000, 0x00000000a7400000, 0x00000000a7800000|  0%| F|  |TAMS 0x00000000a7400000, 0x00000000a7400000| Untracked 
| 150|0x00000000a7800000, 0x00000000a7800000, 0x00000000a7c00000|  0%| F|  |TAMS 0x00000000a7800000, 0x00000000a7800000| Untracked 
| 151|0x00000000a7c00000, 0x00000000a7c00000, 0x00000000a8000000|  0%| F|  |TAMS 0x00000000a7c00000, 0x00000000a7c00000| Untracked 
| 152|0x00000000a8000000, 0x00000000a8000000, 0x00000000a8400000|  0%| F|  |TAMS 0x00000000a8000000, 0x00000000a8000000| Untracked 
| 153|0x00000000a8400000, 0x00000000a8400000, 0x00000000a8800000|  0%| F|  |TAMS 0x00000000a8400000, 0x00000000a8400000| Untracked 
| 154|0x00000000a8800000, 0x00000000a8800000, 0x00000000a8c00000|  0%| F|  |TAMS 0x00000000a8800000, 0x00000000a8800000| Untracked 
| 155|0x00000000a8c00000, 0x00000000a8c00000, 0x00000000a9000000|  0%| F|  |TAMS 0x00000000a8c00000, 0x00000000a8c00000| Untracked 
| 156|0x00000000a9000000, 0x00000000a9000000, 0x00000000a9400000|  0%| F|  |TAMS 0x00000000a9000000, 0x00000000a9000000| Untracked 
| 157|0x00000000a9400000, 0x00000000a9400000, 0x00000000a9800000|  0%| F|  |TAMS 0x00000000a9400000, 0x00000000a9400000| Untracked 
| 158|0x00000000a9800000, 0x00000000a9800000, 0x00000000a9c00000|  0%| F|  |TAMS 0x00000000a9800000, 0x00000000a9800000| Untracked 
| 159|0x00000000a9c00000, 0x00000000a9c00000, 0x00000000aa000000|  0%| F|  |TAMS 0x00000000a9c00000, 0x00000000a9c00000| Untracked 
| 160|0x00000000aa000000, 0x00000000aa000000, 0x00000000aa400000|  0%| F|  |TAMS 0x00000000aa000000, 0x00000000aa000000| Untracked 
| 161|0x00000000aa400000, 0x00000000aa400000, 0x00000000aa800000|  0%| F|  |TAMS 0x00000000aa400000, 0x00000000aa400000| Untracked 
| 162|0x00000000aa800000, 0x00000000aa800000, 0x00000000aac00000|  0%| F|  |TAMS 0x00000000aa800000, 0x00000000aa800000| Untracked 
| 163|0x00000000aac00000, 0x00000000aac00000, 0x00000000ab000000|  0%| F|  |TAMS 0x00000000aac00000, 0x00000000aac00000| Untracked 
| 164|0x00000000ab000000, 0x00000000ab000000, 0x00000000ab400000|  0%| F|  |TAMS 0x00000000ab000000, 0x00000000ab000000| Untracked 
| 165|0x00000000ab400000, 0x00000000ab400000, 0x00000000ab800000|  0%| F|  |TAMS 0x00000000ab400000, 0x00000000ab400000| Untracked 
| 166|0x00000000ab800000, 0x00000000ab800000, 0x00000000abc00000|  0%| F|  |TAMS 0x00000000ab800000, 0x00000000ab800000| Untracked 
| 167|0x00000000abc00000, 0x00000000abc00000, 0x00000000ac000000|  0%| F|  |TAMS 0x00000000abc00000, 0x00000000abc00000| Untracked 
| 168|0x00000000ac000000, 0x00000000ac000000, 0x00000000ac400000|  0%| F|  |TAMS 0x00000000ac000000, 0x00000000ac000000| Untracked 
| 169|0x00000000ac400000, 0x00000000ac400000, 0x00000000ac800000|  0%| F|  |TAMS 0x00000000ac400000, 0x00000000ac400000| Untracked 
| 170|0x00000000ac800000, 0x00000000ac800000, 0x00000000acc00000|  0%| F|  |TAMS 0x00000000ac800000, 0x00000000ac800000| Untracked 
| 171|0x00000000acc00000, 0x00000000acc00000, 0x00000000ad000000|  0%| F|  |TAMS 0x00000000acc00000, 0x00000000acc00000| Untracked 
| 172|0x00000000ad000000, 0x00000000ad000000, 0x00000000ad400000|  0%| F|  |TAMS 0x00000000ad000000, 0x00000000ad000000| Untracked 
| 173|0x00000000ad400000, 0x00000000ad400000, 0x00000000ad800000|  0%| F|  |TAMS 0x00000000ad400000, 0x00000000ad400000| Untracked 
| 174|0x00000000ad800000, 0x00000000ad800000, 0x00000000adc00000|  0%| F|  |TAMS 0x00000000ad800000, 0x00000000ad800000| Untracked 
| 175|0x00000000adc00000, 0x00000000adc00000, 0x00000000ae000000|  0%| F|  |TAMS 0x00000000adc00000, 0x00000000adc00000| Untracked 
| 176|0x00000000ae000000, 0x00000000ae000000, 0x00000000ae400000|  0%| F|  |TAMS 0x00000000ae000000, 0x00000000ae000000| Untracked 
| 177|0x00000000ae400000, 0x00000000ae400000, 0x00000000ae800000|  0%| F|  |TAMS 0x00000000ae400000, 0x00000000ae400000| Untracked 
| 178|0x00000000ae800000, 0x00000000ae800000, 0x00000000aec00000|  0%| F|  |TAMS 0x00000000ae800000, 0x00000000ae800000| Untracked 
| 179|0x00000000aec00000, 0x00000000aec00000, 0x00000000af000000|  0%| F|  |TAMS 0x00000000aec00000, 0x00000000aec00000| Untracked 
| 180|0x00000000af000000, 0x00000000af000000, 0x00000000af400000|  0%| F|  |TAMS 0x00000000af000000, 0x00000000af000000| Untracked 
| 181|0x00000000af400000, 0x00000000af400000, 0x00000000af800000|  0%| F|  |TAMS 0x00000000af400000, 0x00000000af400000| Untracked 
| 182|0x00000000af800000, 0x00000000af800000, 0x00000000afc00000|  0%| F|  |TAMS 0x00000000af800000, 0x00000000af800000| Untracked 
| 183|0x00000000afc00000, 0x00000000afc00000, 0x00000000b0000000|  0%| F|  |TAMS 0x00000000afc00000, 0x00000000afc00000| Untracked 
| 184|0x00000000b0000000, 0x00000000b0000000, 0x00000000b0400000|  0%| F|  |TAMS 0x00000000b0000000, 0x00000000b0000000| Untracked 
| 185|0x00000000b0400000, 0x00000000b0400000, 0x00000000b0800000|  0%| F|  |TAMS 0x00000000b0400000, 0x00000000b0400000| Untracked 
| 186|0x00000000b0800000, 0x00000000b0800000, 0x00000000b0c00000|  0%| F|  |TAMS 0x00000000b0800000, 0x00000000b0800000| Untracked 
| 187|0x00000000b0c00000, 0x00000000b0c00000, 0x00000000b1000000|  0%| F|  |TAMS 0x00000000b0c00000, 0x00000000b0c00000| Untracked 
| 188|0x00000000b1000000, 0x00000000b1000000, 0x00000000b1400000|  0%| F|  |TAMS 0x00000000b1000000, 0x00000000b1000000| Untracked 
| 189|0x00000000b1400000, 0x00000000b1400000, 0x00000000b1800000|  0%| F|  |TAMS 0x00000000b1400000, 0x00000000b1400000| Untracked 
| 190|0x00000000b1800000, 0x00000000b1800000, 0x00000000b1c00000|  0%| F|  |TAMS 0x00000000b1800000, 0x00000000b1800000| Untracked 
| 191|0x00000000b1c00000, 0x00000000b1c00000, 0x00000000b2000000|  0%| F|  |TAMS 0x00000000b1c00000, 0x00000000b1c00000| Untracked 
| 192|0x00000000b2000000, 0x00000000b2000000, 0x00000000b2400000|  0%| F|  |TAMS 0x00000000b2000000, 0x00000000b2000000| Untracked 
| 193|0x00000000b2400000, 0x00000000b2400000, 0x00000000b2800000|  0%| F|  |TAMS 0x00000000b2400000, 0x00000000b2400000| Untracked 
| 194|0x00000000b2800000, 0x00000000b2800000, 0x00000000b2c00000|  0%| F|  |TAMS 0x00000000b2800000, 0x00000000b2800000| Untracked 
| 195|0x00000000b2c00000, 0x00000000b2c00000, 0x00000000b3000000|  0%| F|  |TAMS 0x00000000b2c00000, 0x00000000b2c00000| Untracked 
| 196|0x00000000b3000000, 0x00000000b3000000, 0x00000000b3400000|  0%| F|  |TAMS 0x00000000b3000000, 0x00000000b3000000| Untracked 
| 197|0x00000000b3400000, 0x00000000b3400000, 0x00000000b3800000|  0%| F|  |TAMS 0x00000000b3400000, 0x00000000b3400000| Untracked 
| 198|0x00000000b3800000, 0x00000000b3800000, 0x00000000b3c00000|  0%| F|  |TAMS 0x00000000b3800000, 0x00000000b3800000| Untracked 
| 199|0x00000000b3c00000, 0x00000000b3c00000, 0x00000000b4000000|  0%| F|  |TAMS 0x00000000b3c00000, 0x00000000b3c00000| Untracked 
| 200|0x00000000b4000000, 0x00000000b4000000, 0x00000000b4400000|  0%| F|  |TAMS 0x00000000b4000000, 0x00000000b4000000| Untracked 
| 201|0x00000000b4400000, 0x00000000b4400000, 0x00000000b4800000|  0%| F|  |TAMS 0x00000000b4400000, 0x00000000b4400000| Untracked 
| 202|0x00000000b4800000, 0x00000000b4800000, 0x00000000b4c00000|  0%| F|  |TAMS 0x00000000b4800000, 0x00000000b4800000| Untracked 
| 203|0x00000000b4c00000, 0x00000000b4c00000, 0x00000000b5000000|  0%| F|  |TAMS 0x00000000b4c00000, 0x00000000b4c00000| Untracked 
| 204|0x00000000b5000000, 0x00000000b5000000, 0x00000000b5400000|  0%| F|  |TAMS 0x00000000b5000000, 0x00000000b5000000| Untracked 
| 205|0x00000000b5400000, 0x00000000b5400000, 0x00000000b5800000|  0%| F|  |TAMS 0x00000000b5400000, 0x00000000b5400000| Untracked 
| 206|0x00000000b5800000, 0x00000000b5800000, 0x00000000b5c00000|  0%| F|  |TAMS 0x00000000b5800000, 0x00000000b5800000| Untracked 
| 207|0x00000000b5c00000, 0x00000000b5c00000, 0x00000000b6000000|  0%| F|  |TAMS 0x00000000b5c00000, 0x00000000b5c00000| Untracked 
| 208|0x00000000b6000000, 0x00000000b6000000, 0x00000000b6400000|  0%| F|  |TAMS 0x00000000b6000000, 0x00000000b6000000| Untracked 
| 209|0x00000000b6400000, 0x00000000b6400000, 0x00000000b6800000|  0%| F|  |TAMS 0x00000000b6400000, 0x00000000b6400000| Untracked 
| 210|0x00000000b6800000, 0x00000000b6800000, 0x00000000b6c00000|  0%| F|  |TAMS 0x00000000b6800000, 0x00000000b6800000| Untracked 
| 211|0x00000000b6c00000, 0x00000000b6c00000, 0x00000000b7000000|  0%| F|  |TAMS 0x00000000b6c00000, 0x00000000b6c00000| Untracked 
| 212|0x00000000b7000000, 0x00000000b7000000, 0x00000000b7400000|  0%| F|  |TAMS 0x00000000b7000000, 0x00000000b7000000| Untracked 
| 213|0x00000000b7400000, 0x00000000b7400000, 0x00000000b7800000|  0%| F|  |TAMS 0x00000000b7400000, 0x00000000b7400000| Untracked 
| 214|0x00000000b7800000, 0x00000000b7800000, 0x00000000b7c00000|  0%| F|  |TAMS 0x00000000b7800000, 0x00000000b7800000| Untracked 
| 215|0x00000000b7c00000, 0x00000000b7c00000, 0x00000000b8000000|  0%| F|  |TAMS 0x00000000b7c00000, 0x00000000b7c00000| Untracked 
| 216|0x00000000b8000000, 0x00000000b8000000, 0x00000000b8400000|  0%| F|  |TAMS 0x00000000b8000000, 0x00000000b8000000| Untracked 
| 217|0x00000000b8400000, 0x00000000b8400000, 0x00000000b8800000|  0%| F|  |TAMS 0x00000000b8400000, 0x00000000b8400000| Untracked 
| 218|0x00000000b8800000, 0x00000000b8800000, 0x00000000b8c00000|  0%| F|  |TAMS 0x00000000b8800000, 0x00000000b8800000| Untracked 
| 219|0x00000000b8c00000, 0x00000000b8c00000, 0x00000000b9000000|  0%| F|  |TAMS 0x00000000b8c00000, 0x00000000b8c00000| Untracked 
| 220|0x00000000b9000000, 0x00000000b9000000, 0x00000000b9400000|  0%| F|  |TAMS 0x00000000b9000000, 0x00000000b9000000| Untracked 
| 221|0x00000000b9400000, 0x00000000b9400000, 0x00000000b9800000|  0%| F|  |TAMS 0x00000000b9400000, 0x00000000b9400000| Untracked 
| 222|0x00000000b9800000, 0x00000000b9800000, 0x00000000b9c00000|  0%| F|  |TAMS 0x00000000b9800000, 0x00000000b9800000| Untracked 
| 223|0x00000000b9c00000, 0x00000000b9c00000, 0x00000000ba000000|  0%| F|  |TAMS 0x00000000b9c00000, 0x00000000b9c00000| Untracked 
| 224|0x00000000ba000000, 0x00000000ba000000, 0x00000000ba400000|  0%| F|  |TAMS 0x00000000ba000000, 0x00000000ba000000| Untracked 
| 225|0x00000000ba400000, 0x00000000ba400000, 0x00000000ba800000|  0%| F|  |TAMS 0x00000000ba400000, 0x00000000ba400000| Untracked 
| 226|0x00000000ba800000, 0x00000000ba800000, 0x00000000bac00000|  0%| F|  |TAMS 0x00000000ba800000, 0x00000000ba800000| Untracked 
| 227|0x00000000bac00000, 0x00000000bac00000, 0x00000000bb000000|  0%| F|  |TAMS 0x00000000bac00000, 0x00000000bac00000| Untracked 
| 228|0x00000000bb000000, 0x00000000bb000000, 0x00000000bb400000|  0%| F|  |TAMS 0x00000000bb000000, 0x00000000bb000000| Untracked 
| 229|0x00000000bb400000, 0x00000000bb400000, 0x00000000bb800000|  0%| F|  |TAMS 0x00000000bb400000, 0x00000000bb400000| Untracked 
| 230|0x00000000bb800000, 0x00000000bb800000, 0x00000000bbc00000|  0%| F|  |TAMS 0x00000000bb800000, 0x00000000bb800000| Untracked 
| 231|0x00000000bbc00000, 0x00000000bbc00000, 0x00000000bc000000|  0%| F|  |TAMS 0x00000000bbc00000, 0x00000000bbc00000| Untracked 
| 232|0x00000000bc000000, 0x00000000bc000000, 0x00000000bc400000|  0%| F|  |TAMS 0x00000000bc000000, 0x00000000bc000000| Untracked 
| 233|0x00000000bc400000, 0x00000000bc400000, 0x00000000bc800000|  0%| F|  |TAMS 0x00000000bc400000, 0x00000000bc400000| Untracked 
| 234|0x00000000bc800000, 0x00000000bc800000, 0x00000000bcc00000|  0%| F|  |TAMS 0x00000000bc800000, 0x00000000bc800000| Untracked 
| 235|0x00000000bcc00000, 0x00000000bcc00000, 0x00000000bd000000|  0%| F|  |TAMS 0x00000000bcc00000, 0x00000000bcc00000| Untracked 
| 236|0x00000000bd000000, 0x00000000bd000000, 0x00000000bd400000|  0%| F|  |TAMS 0x00000000bd000000, 0x00000000bd000000| Untracked 
| 237|0x00000000bd400000, 0x00000000bd400000, 0x00000000bd800000|  0%| F|  |TAMS 0x00000000bd400000, 0x00000000bd400000| Untracked 
| 238|0x00000000bd800000, 0x00000000bd800000, 0x00000000bdc00000|  0%| F|  |TAMS 0x00000000bd800000, 0x00000000bd800000| Untracked 
| 239|0x00000000bdc00000, 0x00000000bdc00000, 0x00000000be000000|  0%| F|  |TAMS 0x00000000bdc00000, 0x00000000bdc00000| Untracked 
| 240|0x00000000be000000, 0x00000000be000000, 0x00000000be400000|  0%| F|  |TAMS 0x00000000be000000, 0x00000000be000000| Untracked 
| 241|0x00000000be400000, 0x00000000be400000, 0x00000000be800000|  0%| F|  |TAMS 0x00000000be400000, 0x00000000be400000| Untracked 
| 242|0x00000000be800000, 0x00000000be800000, 0x00000000bec00000|  0%| F|  |TAMS 0x00000000be800000, 0x00000000be800000| Untracked 
| 243|0x00000000bec00000, 0x00000000bec00000, 0x00000000bf000000|  0%| F|  |TAMS 0x00000000bec00000, 0x00000000bec00000| Untracked 
| 244|0x00000000bf000000, 0x00000000bf000000, 0x00000000bf400000|  0%| F|  |TAMS 0x00000000bf000000, 0x00000000bf000000| Untracked 
| 245|0x00000000bf400000, 0x00000000bf400000, 0x00000000bf800000|  0%| F|  |TAMS 0x00000000bf400000, 0x00000000bf400000| Untracked 
| 246|0x00000000bf800000, 0x00000000bf800000, 0x00000000bfc00000|  0%| F|  |TAMS 0x00000000bf800000, 0x00000000bf800000| Untracked 
| 247|0x00000000bfc00000, 0x00000000bfc00000, 0x00000000c0000000|  0%| F|  |TAMS 0x00000000bfc00000, 0x00000000bfc00000| Untracked 
| 248|0x00000000c0000000, 0x00000000c0000000, 0x00000000c0400000|  0%| F|  |TAMS 0x00000000c0000000, 0x00000000c0000000| Untracked 
| 249|0x00000000c0400000, 0x00000000c0400000, 0x00000000c0800000|  0%| F|  |TAMS 0x00000000c0400000, 0x00000000c0400000| Untracked 
| 250|0x00000000c0800000, 0x00000000c0800000, 0x00000000c0c00000|  0%| F|  |TAMS 0x00000000c0800000, 0x00000000c0800000| Untracked 
| 251|0x00000000c0c00000, 0x00000000c0c00000, 0x00000000c1000000|  0%| F|  |TAMS 0x00000000c0c00000, 0x00000000c0c00000| Untracked 
| 252|0x00000000c1000000, 0x00000000c1000000, 0x00000000c1400000|  0%| F|  |TAMS 0x00000000c1000000, 0x00000000c1000000| Untracked 
| 253|0x00000000c1400000, 0x00000000c1400000, 0x00000000c1800000|  0%| F|  |TAMS 0x00000000c1400000, 0x00000000c1400000| Untracked 
| 254|0x00000000c1800000, 0x00000000c1800000, 0x00000000c1c00000|  0%| F|  |TAMS 0x00000000c1800000, 0x00000000c1800000| Untracked 
| 255|0x00000000c1c00000, 0x00000000c1c00000, 0x00000000c2000000|  0%| F|  |TAMS 0x00000000c1c00000, 0x00000000c1c00000| Untracked 
| 256|0x00000000c2000000, 0x00000000c2000000, 0x00000000c2400000|  0%| F|  |TAMS 0x00000000c2000000, 0x00000000c2000000| Untracked 
| 257|0x00000000c2400000, 0x00000000c2400000, 0x00000000c2800000|  0%| F|  |TAMS 0x00000000c2400000, 0x00000000c2400000| Untracked 
| 258|0x00000000c2800000, 0x00000000c2800000, 0x00000000c2c00000|  0%| F|  |TAMS 0x00000000c2800000, 0x00000000c2800000| Untracked 
| 259|0x00000000c2c00000, 0x00000000c2c00000, 0x00000000c3000000|  0%| F|  |TAMS 0x00000000c2c00000, 0x00000000c2c00000| Untracked 
| 260|0x00000000c3000000, 0x00000000c3000000, 0x00000000c3400000|  0%| F|  |TAMS 0x00000000c3000000, 0x00000000c3000000| Untracked 
| 261|0x00000000c3400000, 0x00000000c3400000, 0x00000000c3800000|  0%| F|  |TAMS 0x00000000c3400000, 0x00000000c3400000| Untracked 
| 262|0x00000000c3800000, 0x00000000c3800000, 0x00000000c3c00000|  0%| F|  |TAMS 0x00000000c3800000, 0x00000000c3800000| Untracked 
| 263|0x00000000c3c00000, 0x00000000c3c00000, 0x00000000c4000000|  0%| F|  |TAMS 0x00000000c3c00000, 0x00000000c3c00000| Untracked 
| 264|0x00000000c4000000, 0x00000000c4000000, 0x00000000c4400000|  0%| F|  |TAMS 0x00000000c4000000, 0x00000000c4000000| Untracked 
| 265|0x00000000c4400000, 0x00000000c4400000, 0x00000000c4800000|  0%| F|  |TAMS 0x00000000c4400000, 0x00000000c4400000| Untracked 
| 266|0x00000000c4800000, 0x00000000c4800000, 0x00000000c4c00000|  0%| F|  |TAMS 0x00000000c4800000, 0x00000000c4800000| Untracked 
| 267|0x00000000c4c00000, 0x00000000c4c00000, 0x00000000c5000000|  0%| F|  |TAMS 0x00000000c4c00000, 0x00000000c4c00000| Untracked 
| 268|0x00000000c5000000, 0x00000000c5000000, 0x00000000c5400000|  0%| F|  |TAMS 0x00000000c5000000, 0x00000000c5000000| Untracked 
| 269|0x00000000c5400000, 0x00000000c5400000, 0x00000000c5800000|  0%| F|  |TAMS 0x00000000c5400000, 0x00000000c5400000| Untracked 
| 270|0x00000000c5800000, 0x00000000c5800000, 0x00000000c5c00000|  0%| F|  |TAMS 0x00000000c5800000, 0x00000000c5800000| Untracked 
| 271|0x00000000c5c00000, 0x00000000c5c00000, 0x00000000c6000000|  0%| F|  |TAMS 0x00000000c5c00000, 0x00000000c5c00000| Untracked 
| 272|0x00000000c6000000, 0x00000000c6000000, 0x00000000c6400000|  0%| F|  |TAMS 0x00000000c6000000, 0x00000000c6000000| Untracked 
| 273|0x00000000c6400000, 0x00000000c6400000, 0x00000000c6800000|  0%| F|  |TAMS 0x00000000c6400000, 0x00000000c6400000| Untracked 
| 274|0x00000000c6800000, 0x00000000c6800000, 0x00000000c6c00000|  0%| F|  |TAMS 0x00000000c6800000, 0x00000000c6800000| Untracked 
| 275|0x00000000c6c00000, 0x00000000c6c00000, 0x00000000c7000000|  0%| F|  |TAMS 0x00000000c6c00000, 0x00000000c6c00000| Untracked 
| 276|0x00000000c7000000, 0x00000000c7000000, 0x00000000c7400000|  0%| F|  |TAMS 0x00000000c7000000, 0x00000000c7000000| Untracked 
| 277|0x00000000c7400000, 0x00000000c7400000, 0x00000000c7800000|  0%| F|  |TAMS 0x00000000c7400000, 0x00000000c7400000| Untracked 
| 278|0x00000000c7800000, 0x00000000c7800000, 0x00000000c7c00000|  0%| F|  |TAMS 0x00000000c7800000, 0x00000000c7800000| Untracked 
| 279|0x00000000c7c00000, 0x00000000c7c00000, 0x00000000c8000000|  0%| F|  |TAMS 0x00000000c7c00000, 0x00000000c7c00000| Untracked 
| 280|0x00000000c8000000, 0x00000000c8000000, 0x00000000c8400000|  0%| F|  |TAMS 0x00000000c8000000, 0x00000000c8000000| Untracked 
| 281|0x00000000c8400000, 0x00000000c8400000, 0x00000000c8800000|  0%| F|  |TAMS 0x00000000c8400000, 0x00000000c8400000| Untracked 
| 282|0x00000000c8800000, 0x00000000c8800000, 0x00000000c8c00000|  0%| F|  |TAMS 0x00000000c8800000, 0x00000000c8800000| Untracked 
| 283|0x00000000c8c00000, 0x00000000c8c00000, 0x00000000c9000000|  0%| F|  |TAMS 0x00000000c8c00000, 0x00000000c8c00000| Untracked 
| 284|0x00000000c9000000, 0x00000000c9000000, 0x00000000c9400000|  0%| F|  |TAMS 0x00000000c9000000, 0x00000000c9000000| Untracked 
| 285|0x00000000c9400000, 0x00000000c9400000, 0x00000000c9800000|  0%| F|  |TAMS 0x00000000c9400000, 0x00000000c9400000| Untracked 
| 286|0x00000000c9800000, 0x00000000c9800000, 0x00000000c9c00000|  0%| F|  |TAMS 0x00000000c9800000, 0x00000000c9800000| Untracked 
| 287|0x00000000c9c00000, 0x00000000c9c00000, 0x00000000ca000000|  0%| F|  |TAMS 0x00000000c9c00000, 0x00000000c9c00000| Untracked 
| 288|0x00000000ca000000, 0x00000000ca000000, 0x00000000ca400000|  0%| F|  |TAMS 0x00000000ca000000, 0x00000000ca000000| Untracked 
| 289|0x00000000ca400000, 0x00000000ca400000, 0x00000000ca800000|  0%| F|  |TAMS 0x00000000ca400000, 0x00000000ca400000| Untracked 
| 290|0x00000000ca800000, 0x00000000ca800000, 0x00000000cac00000|  0%| F|  |TAMS 0x00000000ca800000, 0x00000000ca800000| Untracked 
| 291|0x00000000cac00000, 0x00000000cac00000, 0x00000000cb000000|  0%| F|  |TAMS 0x00000000cac00000, 0x00000000cac00000| Untracked 
| 292|0x00000000cb000000, 0x00000000cb000000, 0x00000000cb400000|  0%| F|  |TAMS 0x00000000cb000000, 0x00000000cb000000| Untracked 
| 293|0x00000000cb400000, 0x00000000cb400000, 0x00000000cb800000|  0%| F|  |TAMS 0x00000000cb400000, 0x00000000cb400000| Untracked 
| 294|0x00000000cb800000, 0x00000000cb800000, 0x00000000cbc00000|  0%| F|  |TAMS 0x00000000cb800000, 0x00000000cb800000| Untracked 
| 295|0x00000000cbc00000, 0x00000000cbc00000, 0x00000000cc000000|  0%| F|  |TAMS 0x00000000cbc00000, 0x00000000cbc00000| Untracked 
| 296|0x00000000cc000000, 0x00000000cc000000, 0x00000000cc400000|  0%| F|  |TAMS 0x00000000cc000000, 0x00000000cc000000| Untracked 
| 297|0x00000000cc400000, 0x00000000cc400000, 0x00000000cc800000|  0%| F|  |TAMS 0x00000000cc400000, 0x00000000cc400000| Untracked 
| 298|0x00000000cc800000, 0x00000000cc800000, 0x00000000ccc00000|  0%| F|  |TAMS 0x00000000cc800000, 0x00000000cc800000| Untracked 
| 299|0x00000000ccc00000, 0x00000000ccc00000, 0x00000000cd000000|  0%| F|  |TAMS 0x00000000ccc00000, 0x00000000ccc00000| Untracked 
| 300|0x00000000cd000000, 0x00000000cd000000, 0x00000000cd400000|  0%| F|  |TAMS 0x00000000cd000000, 0x00000000cd000000| Untracked 
| 301|0x00000000cd400000, 0x00000000cd400000, 0x00000000cd800000|  0%| F|  |TAMS 0x00000000cd400000, 0x00000000cd400000| Untracked 
| 302|0x00000000cd800000, 0x00000000cd800000, 0x00000000cdc00000|  0%| F|  |TAMS 0x00000000cd800000, 0x00000000cd800000| Untracked 
| 303|0x00000000cdc00000, 0x00000000cdc00000, 0x00000000ce000000|  0%| F|  |TAMS 0x00000000cdc00000, 0x00000000cdc00000| Untracked 
| 304|0x00000000ce000000, 0x00000000ce000000, 0x00000000ce400000|  0%| F|  |TAMS 0x00000000ce000000, 0x00000000ce000000| Untracked 
| 305|0x00000000ce400000, 0x00000000ce400000, 0x00000000ce800000|  0%| F|  |TAMS 0x00000000ce400000, 0x00000000ce400000| Untracked 
| 306|0x00000000ce800000, 0x00000000ce800000, 0x00000000cec00000|  0%| F|  |TAMS 0x00000000ce800000, 0x00000000ce800000| Untracked 
| 307|0x00000000cec00000, 0x00000000cec00000, 0x00000000cf000000|  0%| F|  |TAMS 0x00000000cec00000, 0x00000000cec00000| Untracked 
| 308|0x00000000cf000000, 0x00000000cf000000, 0x00000000cf400000|  0%| F|  |TAMS 0x00000000cf000000, 0x00000000cf000000| Untracked 
| 309|0x00000000cf400000, 0x00000000cf400000, 0x00000000cf800000|  0%| F|  |TAMS 0x00000000cf400000, 0x00000000cf400000| Untracked 
| 310|0x00000000cf800000, 0x00000000cf800000, 0x00000000cfc00000|  0%| F|  |TAMS 0x00000000cf800000, 0x00000000cf800000| Untracked 
| 311|0x00000000cfc00000, 0x00000000cfc00000, 0x00000000d0000000|  0%| F|  |TAMS 0x00000000cfc00000, 0x00000000cfc00000| Untracked 
| 312|0x00000000d0000000, 0x00000000d0000000, 0x00000000d0400000|  0%| F|  |TAMS 0x00000000d0000000, 0x00000000d0000000| Untracked 
| 313|0x00000000d0400000, 0x00000000d0400000, 0x00000000d0800000|  0%| F|  |TAMS 0x00000000d0400000, 0x00000000d0400000| Untracked 
| 314|0x00000000d0800000, 0x00000000d0800000, 0x00000000d0c00000|  0%| F|  |TAMS 0x00000000d0800000, 0x00000000d0800000| Untracked 
| 315|0x00000000d0c00000, 0x00000000d0c00000, 0x00000000d1000000|  0%| F|  |TAMS 0x00000000d0c00000, 0x00000000d0c00000| Untracked 
| 316|0x00000000d1000000, 0x00000000d1000000, 0x00000000d1400000|  0%| F|  |TAMS 0x00000000d1000000, 0x00000000d1000000| Untracked 
| 317|0x00000000d1400000, 0x00000000d1400000, 0x00000000d1800000|  0%| F|  |TAMS 0x00000000d1400000, 0x00000000d1400000| Untracked 
| 318|0x00000000d1800000, 0x00000000d1800000, 0x00000000d1c00000|  0%| F|  |TAMS 0x00000000d1800000, 0x00000000d1800000| Untracked 
| 319|0x00000000d1c00000, 0x00000000d1c00000, 0x00000000d2000000|  0%| F|  |TAMS 0x00000000d1c00000, 0x00000000d1c00000| Untracked 
| 320|0x00000000d2000000, 0x00000000d2000000, 0x00000000d2400000|  0%| F|  |TAMS 0x00000000d2000000, 0x00000000d2000000| Untracked 
| 321|0x00000000d2400000, 0x00000000d2400000, 0x00000000d2800000|  0%| F|  |TAMS 0x00000000d2400000, 0x00000000d2400000| Untracked 
| 322|0x00000000d2800000, 0x00000000d2800000, 0x00000000d2c00000|  0%| F|  |TAMS 0x00000000d2800000, 0x00000000d2800000| Untracked 
| 323|0x00000000d2c00000, 0x00000000d2c00000, 0x00000000d3000000|  0%| F|  |TAMS 0x00000000d2c00000, 0x00000000d2c00000| Untracked 
| 324|0x00000000d3000000, 0x00000000d3000000, 0x00000000d3400000|  0%| F|  |TAMS 0x00000000d3000000, 0x00000000d3000000| Untracked 
| 325|0x00000000d3400000, 0x00000000d3400000, 0x00000000d3800000|  0%| F|  |TAMS 0x00000000d3400000, 0x00000000d3400000| Untracked 
| 326|0x00000000d3800000, 0x00000000d3800000, 0x00000000d3c00000|  0%| F|  |TAMS 0x00000000d3800000, 0x00000000d3800000| Untracked 
| 327|0x00000000d3c00000, 0x00000000d3c00000, 0x00000000d4000000|  0%| F|  |TAMS 0x00000000d3c00000, 0x00000000d3c00000| Untracked 
| 328|0x00000000d4000000, 0x00000000d4000000, 0x00000000d4400000|  0%| F|  |TAMS 0x00000000d4000000, 0x00000000d4000000| Untracked 
| 329|0x00000000d4400000, 0x00000000d4400000, 0x00000000d4800000|  0%| F|  |TAMS 0x00000000d4400000, 0x00000000d4400000| Untracked 
| 330|0x00000000d4800000, 0x00000000d4800000, 0x00000000d4c00000|  0%| F|  |TAMS 0x00000000d4800000, 0x00000000d4800000| Untracked 
| 331|0x00000000d4c00000, 0x00000000d4c00000, 0x00000000d5000000|  0%| F|  |TAMS 0x00000000d4c00000, 0x00000000d4c00000| Untracked 
| 332|0x00000000d5000000, 0x00000000d5000000, 0x00000000d5400000|  0%| F|  |TAMS 0x00000000d5000000, 0x00000000d5000000| Untracked 
| 333|0x00000000d5400000, 0x00000000d5400000, 0x00000000d5800000|  0%| F|  |TAMS 0x00000000d5400000, 0x00000000d5400000| Untracked 
| 334|0x00000000d5800000, 0x00000000d5800000, 0x00000000d5c00000|  0%| F|  |TAMS 0x00000000d5800000, 0x00000000d5800000| Untracked 
| 335|0x00000000d5c00000, 0x00000000d5c00000, 0x00000000d6000000|  0%| F|  |TAMS 0x00000000d5c00000, 0x00000000d5c00000| Untracked 
| 336|0x00000000d6000000, 0x00000000d6000000, 0x00000000d6400000|  0%| F|  |TAMS 0x00000000d6000000, 0x00000000d6000000| Untracked 
| 337|0x00000000d6400000, 0x00000000d6400000, 0x00000000d6800000|  0%| F|  |TAMS 0x00000000d6400000, 0x00000000d6400000| Untracked 
| 338|0x00000000d6800000, 0x00000000d6800000, 0x00000000d6c00000|  0%| F|  |TAMS 0x00000000d6800000, 0x00000000d6800000| Untracked 
| 339|0x00000000d6c00000, 0x00000000d6c00000, 0x00000000d7000000|  0%| F|  |TAMS 0x00000000d6c00000, 0x00000000d6c00000| Untracked 
| 340|0x00000000d7000000, 0x00000000d7000000, 0x00000000d7400000|  0%| F|  |TAMS 0x00000000d7000000, 0x00000000d7000000| Untracked 
| 341|0x00000000d7400000, 0x00000000d7400000, 0x00000000d7800000|  0%| F|  |TAMS 0x00000000d7400000, 0x00000000d7400000| Untracked 
| 342|0x00000000d7800000, 0x00000000d7800000, 0x00000000d7c00000|  0%| F|  |TAMS 0x00000000d7800000, 0x00000000d7800000| Untracked 
| 343|0x00000000d7c00000, 0x00000000d7c00000, 0x00000000d8000000|  0%| F|  |TAMS 0x00000000d7c00000, 0x00000000d7c00000| Untracked 
| 344|0x00000000d8000000, 0x00000000d8000000, 0x00000000d8400000|  0%| F|  |TAMS 0x00000000d8000000, 0x00000000d8000000| Untracked 
| 345|0x00000000d8400000, 0x00000000d8400000, 0x00000000d8800000|  0%| F|  |TAMS 0x00000000d8400000, 0x00000000d8400000| Untracked 
| 346|0x00000000d8800000, 0x00000000d8800000, 0x00000000d8c00000|  0%| F|  |TAMS 0x00000000d8800000, 0x00000000d8800000| Untracked 
| 347|0x00000000d8c00000, 0x00000000d8c00000, 0x00000000d9000000|  0%| F|  |TAMS 0x00000000d8c00000, 0x00000000d8c00000| Untracked 
| 348|0x00000000d9000000, 0x00000000d9000000, 0x00000000d9400000|  0%| F|  |TAMS 0x00000000d9000000, 0x00000000d9000000| Untracked 
| 349|0x00000000d9400000, 0x00000000d9400000, 0x00000000d9800000|  0%| F|  |TAMS 0x00000000d9400000, 0x00000000d9400000| Untracked 
| 350|0x00000000d9800000, 0x00000000d9800000, 0x00000000d9c00000|  0%| F|  |TAMS 0x00000000d9800000, 0x00000000d9800000| Untracked 
| 351|0x00000000d9c00000, 0x00000000d9c00000, 0x00000000da000000|  0%| F|  |TAMS 0x00000000d9c00000, 0x00000000d9c00000| Untracked 
| 352|0x00000000da000000, 0x00000000da000000, 0x00000000da400000|  0%| F|  |TAMS 0x00000000da000000, 0x00000000da000000| Untracked 
| 353|0x00000000da400000, 0x00000000da400000, 0x00000000da800000|  0%| F|  |TAMS 0x00000000da400000, 0x00000000da400000| Untracked 
| 354|0x00000000da800000, 0x00000000da800000, 0x00000000dac00000|  0%| F|  |TAMS 0x00000000da800000, 0x00000000da800000| Untracked 
| 355|0x00000000dac00000, 0x00000000dac00000, 0x00000000db000000|  0%| F|  |TAMS 0x00000000dac00000, 0x00000000dac00000| Untracked 
| 356|0x00000000db000000, 0x00000000db000000, 0x00000000db400000|  0%| F|  |TAMS 0x00000000db000000, 0x00000000db000000| Untracked 
| 357|0x00000000db400000, 0x00000000db400000, 0x00000000db800000|  0%| F|  |TAMS 0x00000000db400000, 0x00000000db400000| Untracked 
| 358|0x00000000db800000, 0x00000000db800000, 0x00000000dbc00000|  0%| F|  |TAMS 0x00000000db800000, 0x00000000db800000| Untracked 
| 359|0x00000000dbc00000, 0x00000000dbc00000, 0x00000000dc000000|  0%| F|  |TAMS 0x00000000dbc00000, 0x00000000dbc00000| Untracked 
| 360|0x00000000dc000000, 0x00000000dc000000, 0x00000000dc400000|  0%| F|  |TAMS 0x00000000dc000000, 0x00000000dc000000| Untracked 
| 361|0x00000000dc400000, 0x00000000dc400000, 0x00000000dc800000|  0%| F|  |TAMS 0x00000000dc400000, 0x00000000dc400000| Untracked 
| 362|0x00000000dc800000, 0x00000000dc800000, 0x00000000dcc00000|  0%| F|  |TAMS 0x00000000dc800000, 0x00000000dc800000| Untracked 
| 363|0x00000000dcc00000, 0x00000000dcc00000, 0x00000000dd000000|  0%| F|  |TAMS 0x00000000dcc00000, 0x00000000dcc00000| Untracked 
| 364|0x00000000dd000000, 0x00000000dd000000, 0x00000000dd400000|  0%| F|  |TAMS 0x00000000dd000000, 0x00000000dd000000| Untracked 
| 365|0x00000000dd400000, 0x00000000dd400000, 0x00000000dd800000|  0%| F|  |TAMS 0x00000000dd400000, 0x00000000dd400000| Untracked 
| 366|0x00000000dd800000, 0x00000000dd800000, 0x00000000ddc00000|  0%| F|  |TAMS 0x00000000dd800000, 0x00000000dd800000| Untracked 
| 367|0x00000000ddc00000, 0x00000000ddc00000, 0x00000000de000000|  0%| F|  |TAMS 0x00000000ddc00000, 0x00000000ddc00000| Untracked 
| 368|0x00000000de000000, 0x00000000de000000, 0x00000000de400000|  0%| F|  |TAMS 0x00000000de000000, 0x00000000de000000| Untracked 
| 369|0x00000000de400000, 0x00000000de400000, 0x00000000de800000|  0%| F|  |TAMS 0x00000000de400000, 0x00000000de400000| Untracked 
| 370|0x00000000de800000, 0x00000000de800000, 0x00000000dec00000|  0%| F|  |TAMS 0x00000000de800000, 0x00000000de800000| Untracked 
| 371|0x00000000dec00000, 0x00000000dec00000, 0x00000000df000000|  0%| F|  |TAMS 0x00000000dec00000, 0x00000000dec00000| Untracked 
| 372|0x00000000df000000, 0x00000000df000000, 0x00000000df400000|  0%| F|  |TAMS 0x00000000df000000, 0x00000000df000000| Untracked 
| 373|0x00000000df400000, 0x00000000df400000, 0x00000000df800000|  0%| F|  |TAMS 0x00000000df400000, 0x00000000df400000| Untracked 
| 374|0x00000000df800000, 0x00000000df800000, 0x00000000dfc00000|  0%| F|  |TAMS 0x00000000df800000, 0x00000000df800000| Untracked 
| 375|0x00000000dfc00000, 0x00000000dfc00000, 0x00000000e0000000|  0%| F|  |TAMS 0x00000000dfc00000, 0x00000000dfc00000| Untracked 
| 376|0x00000000e0000000, 0x00000000e0000000, 0x00000000e0400000|  0%| F|  |TAMS 0x00000000e0000000, 0x00000000e0000000| Untracked 
| 377|0x00000000e0400000, 0x00000000e0400000, 0x00000000e0800000|  0%| F|  |TAMS 0x00000000e0400000, 0x00000000e0400000| Untracked 
| 378|0x00000000e0800000, 0x00000000e0800000, 0x00000000e0c00000|  0%| F|  |TAMS 0x00000000e0800000, 0x00000000e0800000| Untracked 
| 379|0x00000000e0c00000, 0x00000000e0c00000, 0x00000000e1000000|  0%| F|  |TAMS 0x00000000e0c00000, 0x00000000e0c00000| Untracked 
| 380|0x00000000e1000000, 0x00000000e1000000, 0x00000000e1400000|  0%| F|  |TAMS 0x00000000e1000000, 0x00000000e1000000| Untracked 
| 381|0x00000000e1400000, 0x00000000e1400000, 0x00000000e1800000|  0%| F|  |TAMS 0x00000000e1400000, 0x00000000e1400000| Untracked 
| 382|0x00000000e1800000, 0x00000000e1800000, 0x00000000e1c00000|  0%| F|  |TAMS 0x00000000e1800000, 0x00000000e1800000| Untracked 
| 383|0x00000000e1c00000, 0x00000000e1c00000, 0x00000000e2000000|  0%| F|  |TAMS 0x00000000e1c00000, 0x00000000e1c00000| Untracked 
| 384|0x00000000e2000000, 0x00000000e2000000, 0x00000000e2400000|  0%| F|  |TAMS 0x00000000e2000000, 0x00000000e2000000| Untracked 
| 385|0x00000000e2400000, 0x00000000e2400000, 0x00000000e2800000|  0%| F|  |TAMS 0x00000000e2400000, 0x00000000e2400000| Untracked 
| 386|0x00000000e2800000, 0x00000000e2800000, 0x00000000e2c00000|  0%| F|  |TAMS 0x00000000e2800000, 0x00000000e2800000| Untracked 
| 387|0x00000000e2c00000, 0x00000000e2c00000, 0x00000000e3000000|  0%| F|  |TAMS 0x00000000e2c00000, 0x00000000e2c00000| Untracked 
| 388|0x00000000e3000000, 0x00000000e3000000, 0x00000000e3400000|  0%| F|  |TAMS 0x00000000e3000000, 0x00000000e3000000| Untracked 
| 389|0x00000000e3400000, 0x00000000e3400000, 0x00000000e3800000|  0%| F|  |TAMS 0x00000000e3400000, 0x00000000e3400000| Untracked 
| 390|0x00000000e3800000, 0x00000000e3800000, 0x00000000e3c00000|  0%| F|  |TAMS 0x00000000e3800000, 0x00000000e3800000| Untracked 
| 391|0x00000000e3c00000, 0x00000000e3c00000, 0x00000000e4000000|  0%| F|  |TAMS 0x00000000e3c00000, 0x00000000e3c00000| Untracked 
| 392|0x00000000e4000000, 0x00000000e4000000, 0x00000000e4400000|  0%| F|  |TAMS 0x00000000e4000000, 0x00000000e4000000| Untracked 
| 393|0x00000000e4400000, 0x00000000e4400000, 0x00000000e4800000|  0%| F|  |TAMS 0x00000000e4400000, 0x00000000e4400000| Untracked 
| 394|0x00000000e4800000, 0x00000000e4800000, 0x00000000e4c00000|  0%| F|  |TAMS 0x00000000e4800000, 0x00000000e4800000| Untracked 
| 395|0x00000000e4c00000, 0x00000000e4c00000, 0x00000000e5000000|  0%| F|  |TAMS 0x00000000e4c00000, 0x00000000e4c00000| Untracked 
| 396|0x00000000e5000000, 0x00000000e5000000, 0x00000000e5400000|  0%| F|  |TAMS 0x00000000e5000000, 0x00000000e5000000| Untracked 
| 397|0x00000000e5400000, 0x00000000e5400000, 0x00000000e5800000|  0%| F|  |TAMS 0x00000000e5400000, 0x00000000e5400000| Untracked 
| 398|0x00000000e5800000, 0x00000000e5800000, 0x00000000e5c00000|  0%| F|  |TAMS 0x00000000e5800000, 0x00000000e5800000| Untracked 
| 399|0x00000000e5c00000, 0x00000000e5c00000, 0x00000000e6000000|  0%| F|  |TAMS 0x00000000e5c00000, 0x00000000e5c00000| Untracked 
| 400|0x00000000e6000000, 0x00000000e6000000, 0x00000000e6400000|  0%| F|  |TAMS 0x00000000e6000000, 0x00000000e6000000| Untracked 
| 401|0x00000000e6400000, 0x00000000e6400000, 0x00000000e6800000|  0%| F|  |TAMS 0x00000000e6400000, 0x00000000e6400000| Untracked 
| 402|0x00000000e6800000, 0x00000000e6800000, 0x00000000e6c00000|  0%| F|  |TAMS 0x00000000e6800000, 0x00000000e6800000| Untracked 
| 403|0x00000000e6c00000, 0x00000000e6c00000, 0x00000000e7000000|  0%| F|  |TAMS 0x00000000e6c00000, 0x00000000e6c00000| Untracked 
| 404|0x00000000e7000000, 0x00000000e7000000, 0x00000000e7400000|  0%| F|  |TAMS 0x00000000e7000000, 0x00000000e7000000| Untracked 
| 405|0x00000000e7400000, 0x00000000e7400000, 0x00000000e7800000|  0%| F|  |TAMS 0x00000000e7400000, 0x00000000e7400000| Untracked 
| 406|0x00000000e7800000, 0x00000000e7800000, 0x00000000e7c00000|  0%| F|  |TAMS 0x00000000e7800000, 0x00000000e7800000| Untracked 
| 407|0x00000000e7c00000, 0x00000000e7c00000, 0x00000000e8000000|  0%| F|  |TAMS 0x00000000e7c00000, 0x00000000e7c00000| Untracked 
| 408|0x00000000e8000000, 0x00000000e8000000, 0x00000000e8400000|  0%| F|  |TAMS 0x00000000e8000000, 0x00000000e8000000| Untracked 
| 409|0x00000000e8400000, 0x00000000e8400000, 0x00000000e8800000|  0%| F|  |TAMS 0x00000000e8400000, 0x00000000e8400000| Untracked 
| 410|0x00000000e8800000, 0x00000000e8800000, 0x00000000e8c00000|  0%| F|  |TAMS 0x00000000e8800000, 0x00000000e8800000| Untracked 
| 411|0x00000000e8c00000, 0x00000000e8c00000, 0x00000000e9000000|  0%| F|  |TAMS 0x00000000e8c00000, 0x00000000e8c00000| Untracked 
| 412|0x00000000e9000000, 0x00000000e9000000, 0x00000000e9400000|  0%| F|  |TAMS 0x00000000e9000000, 0x00000000e9000000| Untracked 
| 413|0x00000000e9400000, 0x00000000e9400000, 0x00000000e9800000|  0%| F|  |TAMS 0x00000000e9400000, 0x00000000e9400000| Untracked 
| 414|0x00000000e9800000, 0x00000000e9800000, 0x00000000e9c00000|  0%| F|  |TAMS 0x00000000e9800000, 0x00000000e9800000| Untracked 
| 415|0x00000000e9c00000, 0x00000000e9c00000, 0x00000000ea000000|  0%| F|  |TAMS 0x00000000e9c00000, 0x00000000e9c00000| Untracked 
| 416|0x00000000ea000000, 0x00000000ea000000, 0x00000000ea400000|  0%| F|  |TAMS 0x00000000ea000000, 0x00000000ea000000| Untracked 
| 417|0x00000000ea400000, 0x00000000ea400000, 0x00000000ea800000|  0%| F|  |TAMS 0x00000000ea400000, 0x00000000ea400000| Untracked 
| 418|0x00000000ea800000, 0x00000000ea800000, 0x00000000eac00000|  0%| F|  |TAMS 0x00000000ea800000, 0x00000000ea800000| Untracked 
| 419|0x00000000eac00000, 0x00000000eac00000, 0x00000000eb000000|  0%| F|  |TAMS 0x00000000eac00000, 0x00000000eac00000| Untracked 
| 420|0x00000000eb000000, 0x00000000eb000000, 0x00000000eb400000|  0%| F|  |TAMS 0x00000000eb000000, 0x00000000eb000000| Untracked 
| 421|0x00000000eb400000, 0x00000000eb400000, 0x00000000eb800000|  0%| F|  |TAMS 0x00000000eb400000, 0x00000000eb400000| Untracked 
| 422|0x00000000eb800000, 0x00000000eb800000, 0x00000000ebc00000|  0%| F|  |TAMS 0x00000000eb800000, 0x00000000eb800000| Untracked 
| 423|0x00000000ebc00000, 0x00000000ebc00000, 0x00000000ec000000|  0%| F|  |TAMS 0x00000000ebc00000, 0x00000000ebc00000| Untracked 
| 424|0x00000000ec000000, 0x00000000ec000000, 0x00000000ec400000|  0%| F|  |TAMS 0x00000000ec000000, 0x00000000ec000000| Untracked 
| 425|0x00000000ec400000, 0x00000000ec400000, 0x00000000ec800000|  0%| F|  |TAMS 0x00000000ec400000, 0x00000000ec400000| Untracked 
| 426|0x00000000ec800000, 0x00000000ec800000, 0x00000000ecc00000|  0%| F|  |TAMS 0x00000000ec800000, 0x00000000ec800000| Untracked 
| 427|0x00000000ecc00000, 0x00000000ecc00000, 0x00000000ed000000|  0%| F|  |TAMS 0x00000000ecc00000, 0x00000000ecc00000| Untracked 
| 428|0x00000000ed000000, 0x00000000ed000000, 0x00000000ed400000|  0%| F|  |TAMS 0x00000000ed000000, 0x00000000ed000000| Untracked 
| 429|0x00000000ed400000, 0x00000000ed400000, 0x00000000ed800000|  0%| F|  |TAMS 0x00000000ed400000, 0x00000000ed400000| Untracked 
| 430|0x00000000ed800000, 0x00000000ed800000, 0x00000000edc00000|  0%| F|  |TAMS 0x00000000ed800000, 0x00000000ed800000| Untracked 
| 431|0x00000000edc00000, 0x00000000edc00000, 0x00000000ee000000|  0%| F|  |TAMS 0x00000000edc00000, 0x00000000edc00000| Untracked 
| 432|0x00000000ee000000, 0x00000000ee000000, 0x00000000ee400000|  0%| F|  |TAMS 0x00000000ee000000, 0x00000000ee000000| Untracked 
| 433|0x00000000ee400000, 0x00000000ee400000, 0x00000000ee800000|  0%| F|  |TAMS 0x00000000ee400000, 0x00000000ee400000| Untracked 
| 434|0x00000000ee800000, 0x00000000ee800000, 0x00000000eec00000|  0%| F|  |TAMS 0x00000000ee800000, 0x00000000ee800000| Untracked 
| 435|0x00000000eec00000, 0x00000000eec00000, 0x00000000ef000000|  0%| F|  |TAMS 0x00000000eec00000, 0x00000000eec00000| Untracked 
| 436|0x00000000ef000000, 0x00000000ef000000, 0x00000000ef400000|  0%| F|  |TAMS 0x00000000ef000000, 0x00000000ef000000| Untracked 
| 437|0x00000000ef400000, 0x00000000ef400000, 0x00000000ef800000|  0%| F|  |TAMS 0x00000000ef400000, 0x00000000ef400000| Untracked 
| 438|0x00000000ef800000, 0x00000000ef800000, 0x00000000efc00000|  0%| F|  |TAMS 0x00000000ef800000, 0x00000000ef800000| Untracked 
| 439|0x00000000efc00000, 0x00000000efc00000, 0x00000000f0000000|  0%| F|  |TAMS 0x00000000efc00000, 0x00000000efc00000| Untracked 
| 440|0x00000000f0000000, 0x00000000f0000000, 0x00000000f0400000|  0%| F|  |TAMS 0x00000000f0000000, 0x00000000f0000000| Untracked 
| 441|0x00000000f0400000, 0x00000000f0400000, 0x00000000f0800000|  0%| F|  |TAMS 0x00000000f0400000, 0x00000000f0400000| Untracked 
| 442|0x00000000f0800000, 0x00000000f0800000, 0x00000000f0c00000|  0%| F|  |TAMS 0x00000000f0800000, 0x00000000f0800000| Untracked 
| 443|0x00000000f0c00000, 0x00000000f0c00000, 0x00000000f1000000|  0%| F|  |TAMS 0x00000000f0c00000, 0x00000000f0c00000| Untracked 
| 444|0x00000000f1000000, 0x00000000f1000000, 0x00000000f1400000|  0%| F|  |TAMS 0x00000000f1000000, 0x00000000f1000000| Untracked 
| 445|0x00000000f1400000, 0x00000000f1400000, 0x00000000f1800000|  0%| F|  |TAMS 0x00000000f1400000, 0x00000000f1400000| Untracked 
| 446|0x00000000f1800000, 0x00000000f1800000, 0x00000000f1c00000|  0%| F|  |TAMS 0x00000000f1800000, 0x00000000f1800000| Untracked 
| 447|0x00000000f1c00000, 0x00000000f1c00000, 0x00000000f2000000|  0%| F|  |TAMS 0x00000000f1c00000, 0x00000000f1c00000| Untracked 
| 448|0x00000000f2000000, 0x00000000f2000000, 0x00000000f2400000|  0%| F|  |TAMS 0x00000000f2000000, 0x00000000f2000000| Untracked 
| 449|0x00000000f2400000, 0x00000000f2400000, 0x00000000f2800000|  0%| F|  |TAMS 0x00000000f2400000, 0x00000000f2400000| Untracked 
| 450|0x00000000f2800000, 0x00000000f2800000, 0x00000000f2c00000|  0%| F|  |TAMS 0x00000000f2800000, 0x00000000f2800000| Untracked 
| 451|0x00000000f2c00000, 0x00000000f2c00000, 0x00000000f3000000|  0%| F|  |TAMS 0x00000000f2c00000, 0x00000000f2c00000| Untracked 
| 452|0x00000000f3000000, 0x00000000f3000000, 0x00000000f3400000|  0%| F|  |TAMS 0x00000000f3000000, 0x00000000f3000000| Untracked 
| 453|0x00000000f3400000, 0x00000000f3400000, 0x00000000f3800000|  0%| F|  |TAMS 0x00000000f3400000, 0x00000000f3400000| Untracked 
| 454|0x00000000f3800000, 0x00000000f3800000, 0x00000000f3c00000|  0%| F|  |TAMS 0x00000000f3800000, 0x00000000f3800000| Untracked 
| 455|0x00000000f3c00000, 0x00000000f3c00000, 0x00000000f4000000|  0%| F|  |TAMS 0x00000000f3c00000, 0x00000000f3c00000| Untracked 
| 456|0x00000000f4000000, 0x00000000f4000000, 0x00000000f4400000|  0%| F|  |TAMS 0x00000000f4000000, 0x00000000f4000000| Untracked 
| 457|0x00000000f4400000, 0x00000000f4400000, 0x00000000f4800000|  0%| F|  |TAMS 0x00000000f4400000, 0x00000000f4400000| Untracked 
| 458|0x00000000f4800000, 0x00000000f4800000, 0x00000000f4c00000|  0%| F|  |TAMS 0x00000000f4800000, 0x00000000f4800000| Untracked 
| 459|0x00000000f4c00000, 0x00000000f4c00000, 0x00000000f5000000|  0%| F|  |TAMS 0x00000000f4c00000, 0x00000000f4c00000| Untracked 
| 460|0x00000000f5000000, 0x00000000f5000000, 0x00000000f5400000|  0%| F|  |TAMS 0x00000000f5000000, 0x00000000f5000000| Untracked 
| 461|0x00000000f5400000, 0x00000000f5400000, 0x00000000f5800000|  0%| F|  |TAMS 0x00000000f5400000, 0x00000000f5400000| Untracked 
| 462|0x00000000f5800000, 0x00000000f5800000, 0x00000000f5c00000|  0%| F|  |TAMS 0x00000000f5800000, 0x00000000f5800000| Untracked 
| 463|0x00000000f5c00000, 0x00000000f5c00000, 0x00000000f6000000|  0%| F|  |TAMS 0x00000000f5c00000, 0x00000000f5c00000| Untracked 
| 464|0x00000000f6000000, 0x00000000f6000000, 0x00000000f6400000|  0%| F|  |TAMS 0x00000000f6000000, 0x00000000f6000000| Untracked 
| 465|0x00000000f6400000, 0x00000000f6400000, 0x00000000f6800000|  0%| F|  |TAMS 0x00000000f6400000, 0x00000000f6400000| Untracked 
| 466|0x00000000f6800000, 0x00000000f6800000, 0x00000000f6c00000|  0%| F|  |TAMS 0x00000000f6800000, 0x00000000f6800000| Untracked 
| 467|0x00000000f6c00000, 0x00000000f6c00000, 0x00000000f7000000|  0%| F|  |TAMS 0x00000000f6c00000, 0x00000000f6c00000| Untracked 
| 468|0x00000000f7000000, 0x00000000f7000000, 0x00000000f7400000|  0%| F|  |TAMS 0x00000000f7000000, 0x00000000f7000000| Untracked 
| 469|0x00000000f7400000, 0x00000000f7400000, 0x00000000f7800000|  0%| F|  |TAMS 0x00000000f7400000, 0x00000000f7400000| Untracked 
| 470|0x00000000f7800000, 0x00000000f7800000, 0x00000000f7c00000|  0%| F|  |TAMS 0x00000000f7800000, 0x00000000f7800000| Untracked 
| 471|0x00000000f7c00000, 0x00000000f7c00000, 0x00000000f8000000|  0%| F|  |TAMS 0x00000000f7c00000, 0x00000000f7c00000| Untracked 
| 472|0x00000000f8000000, 0x00000000f8000000, 0x00000000f8400000|  0%| F|  |TAMS 0x00000000f8000000, 0x00000000f8000000| Untracked 
| 473|0x00000000f8400000, 0x00000000f8400000, 0x00000000f8800000|  0%| F|  |TAMS 0x00000000f8400000, 0x00000000f8400000| Untracked 
| 474|0x00000000f8800000, 0x00000000f8800000, 0x00000000f8c00000|  0%| F|  |TAMS 0x00000000f8800000, 0x00000000f8800000| Untracked 
| 475|0x00000000f8c00000, 0x00000000f8c00000, 0x00000000f9000000|  0%| F|  |TAMS 0x00000000f8c00000, 0x00000000f8c00000| Untracked 
| 476|0x00000000f9000000, 0x00000000f9000000, 0x00000000f9400000|  0%| F|  |TAMS 0x00000000f9000000, 0x00000000f9000000| Untracked 
| 477|0x00000000f9400000, 0x00000000f9400000, 0x00000000f9800000|  0%| F|  |TAMS 0x00000000f9400000, 0x00000000f9400000| Untracked 
| 478|0x00000000f9800000, 0x00000000f9800000, 0x00000000f9c00000|  0%| F|  |TAMS 0x00000000f9800000, 0x00000000f9800000| Untracked 
| 479|0x00000000f9c00000, 0x00000000f9c00000, 0x00000000fa000000|  0%| F|  |TAMS 0x00000000f9c00000, 0x00000000f9c00000| Untracked 
| 480|0x00000000fa000000, 0x00000000fa000000, 0x00000000fa400000|  0%| F|  |TAMS 0x00000000fa000000, 0x00000000fa000000| Untracked 
| 481|0x00000000fa400000, 0x00000000fa400000, 0x00000000fa800000|  0%| F|  |TAMS 0x00000000fa400000, 0x00000000fa400000| Untracked 
| 482|0x00000000fa800000, 0x00000000fa800000, 0x00000000fac00000|  0%| F|  |TAMS 0x00000000fa800000, 0x00000000fa800000| Untracked 
| 483|0x00000000fac00000, 0x00000000fac00000, 0x00000000fb000000|  0%| F|  |TAMS 0x00000000fac00000, 0x00000000fac00000| Untracked 
| 484|0x00000000fb000000, 0x00000000fb000000, 0x00000000fb400000|  0%| F|  |TAMS 0x00000000fb000000, 0x00000000fb000000| Untracked 
| 485|0x00000000fb400000, 0x00000000fb400000, 0x00000000fb800000|  0%| F|  |TAMS 0x00000000fb400000, 0x00000000fb400000| Untracked 
| 486|0x00000000fb800000, 0x00000000fb800000, 0x00000000fbc00000|  0%| F|  |TAMS 0x00000000fb800000, 0x00000000fb800000| Untracked 
| 487|0x00000000fbc00000, 0x00000000fbc00000, 0x00000000fc000000|  0%| F|  |TAMS 0x00000000fbc00000, 0x00000000fbc00000| Untracked 
| 488|0x00000000fc000000, 0x00000000fc000000, 0x00000000fc400000|  0%| F|  |TAMS 0x00000000fc000000, 0x00000000fc000000| Untracked 
| 489|0x00000000fc400000, 0x00000000fc400000, 0x00000000fc800000|  0%| F|  |TAMS 0x00000000fc400000, 0x00000000fc400000| Untracked 
| 490|0x00000000fc800000, 0x00000000fc800000, 0x00000000fcc00000|  0%| F|  |TAMS 0x00000000fc800000, 0x00000000fc800000| Untracked 
| 491|0x00000000fcc00000, 0x00000000fcc00000, 0x00000000fd000000|  0%| F|  |TAMS 0x00000000fcc00000, 0x00000000fcc00000| Untracked 
| 492|0x00000000fd000000, 0x00000000fd000000, 0x00000000fd400000|  0%| F|  |TAMS 0x00000000fd000000, 0x00000000fd000000| Untracked 
| 493|0x00000000fd400000, 0x00000000fd400000, 0x00000000fd800000|  0%| F|  |TAMS 0x00000000fd400000, 0x00000000fd400000| Untracked 
| 494|0x00000000fd800000, 0x00000000fd800000, 0x00000000fdc00000|  0%| F|  |TAMS 0x00000000fd800000, 0x00000000fd800000| Untracked 
| 495|0x00000000fdc00000, 0x00000000fdc00000, 0x00000000fe000000|  0%| F|  |TAMS 0x00000000fdc00000, 0x00000000fdc00000| Untracked 
| 496|0x00000000fe000000, 0x00000000fe000000, 0x00000000fe400000|  0%| F|  |TAMS 0x00000000fe000000, 0x00000000fe000000| Untracked 
| 497|0x00000000fe400000, 0x00000000fe400000, 0x00000000fe800000|  0%| F|  |TAMS 0x00000000fe400000, 0x00000000fe400000| Untracked 
| 498|0x00000000fe800000, 0x00000000fe800000, 0x00000000fec00000|  0%| F|  |TAMS 0x00000000fe800000, 0x00000000fe800000| Untracked 
| 499|0x00000000fec00000, 0x00000000fec00000, 0x00000000ff000000|  0%| F|  |TAMS 0x00000000fec00000, 0x00000000fec00000| Untracked 
| 500|0x00000000ff000000, 0x00000000ff000000, 0x00000000ff400000|  0%| F|  |TAMS 0x00000000ff000000, 0x00000000ff000000| Untracked 
| 501|0x00000000ff400000, 0x00000000ff400000, 0x00000000ff800000|  0%| F|  |TAMS 0x00000000ff400000, 0x00000000ff400000| Untracked 
| 502|0x00000000ff800000, 0x00000000ff800000, 0x00000000ffc00000|  0%| F|  |TAMS 0x00000000ff800000, 0x00000000ff800000| Untracked 
| 503|0x00000000ffc00000, 0x00000000ffc00000, 0x0000000100000000|  0%| F|  |TAMS 0x00000000ffc00000, 0x00000000ffc00000| Untracked 
| 504|0x0000000100000000, 0x0000000100000000, 0x0000000100400000|  0%| F|  |TAMS 0x0000000100000000, 0x0000000100000000| Untracked 
| 505|0x0000000100400000, 0x0000000100400000, 0x0000000100800000|  0%| F|  |TAMS 0x0000000100400000, 0x0000000100400000| Untracked 
| 506|0x0000000100800000, 0x0000000100800000, 0x0000000100c00000|  0%| F|  |TAMS 0x0000000100800000, 0x0000000100800000| Untracked 
| 507|0x0000000100c00000, 0x0000000100c00000, 0x0000000101000000|  0%| F|  |TAMS 0x0000000100c00000, 0x0000000100c00000| Untracked 
| 508|0x0000000101000000, 0x0000000101400000, 0x0000000101400000|100%| E|  |TAMS 0x0000000101000000, 0x0000000101000000| Complete 
| 509|0x0000000101400000, 0x0000000101800000, 0x0000000101800000|100%| E|CS|TAMS 0x0000000101400000, 0x0000000101400000| Complete 
| 510|0x0000000101800000, 0x0000000101c00000, 0x0000000101c00000|100%| E|CS|TAMS 0x0000000101800000, 0x0000000101800000| Complete 
| 511|0x0000000101c00000, 0x0000000102000000, 0x0000000102000000|100%| E|CS|TAMS 0x0000000101c00000, 0x0000000101c00000| Complete 

Card table byte_map: [0x00000193f6b20000,0x00000193fa710000] _byte_map_base: 0x00000193f6710000

Marking Bits (Prev, Next): (CMBitMap*) 0x00000193ea06cb78, (CMBitMap*) 0x00000193ea06cbb0
 Prev Bits: [0x000001938f000000, 0x00000193acf80000)
 Next Bits: [0x00000193acf80000, 0x00000193caf00000)

Polling page: 0x00000193e7f40000

Metaspace:

Usage:
  Non-class:      8.49 MB capacity,     8.41 MB (>99%) used,    72.81 KB ( <1%) free+waste,    11.13 KB ( <1%) overhead. 
      Class:    851.00 KB capacity,   765.09 KB ( 90%) used,    80.41 KB (  9%) free+waste,     5.50 KB ( <1%) overhead. 
       Both:      9.32 MB capacity,     9.16 MB ( 98%) used,   153.23 KB (  2%) free+waste,    16.63 KB ( <1%) overhead. 

Virtual space:
  Non-class space:       10.00 MB reserved,       8.50 MB ( 85%) committed 
      Class space:        1.00 GB reserved,     896.00 KB ( <1%) committed 
             Both:        1.01 GB reserved,       9.38 MB ( <1%) committed 

Chunk freelists:
   Non-Class:  1.13 KB
       Class:  1.63 KB
        Both:  2.75 KB

CodeHeap 'non-profiled nmethods': size=119168Kb used=152Kb max_used=152Kb free=119015Kb
 bounds [0x0000019387ba0000, 0x0000019387e10000, 0x000001938f000000]
CodeHeap 'profiled nmethods': size=119168Kb used=860Kb max_used=860Kb free=118307Kb
 bounds [0x0000019380740000, 0x00000193809b0000, 0x0000019387ba0000]
CodeHeap 'non-nmethods': size=7424Kb used=2549Kb max_used=2561Kb free=4874Kb
 bounds [0x0000019380000000, 0x0000019380290000, 0x0000019380740000]
 total_blobs=1499 nmethods=595 adapters=814
 compilation: enabled
              stopped_count=0, restarted_count=0
 full_count=0

Compilation events (10 events):
Event: 0.354 Thread 0x00000193cd0c8000 nmethod 588 0x0000019380813d10 code [0x0000019380813ec0, 0x0000019380814058]
Event: 0.355 Thread 0x00000193cd0c7000 nmethod 591 0x0000019380814110 code [0x00000193808143a0, 0x00000193808151b8]
Event: 0.355 Thread 0x00000193ccf64000 nmethod 590 0x0000019380815610 code [0x00000193808158e0, 0x00000193808165f8]
Event: 0.355 Thread 0x00000193ccf58000 nmethod 589 0x0000019387bc5590 code [0x0000019387bc5720, 0x0000019387bc5938]
Event: 0.355 Thread 0x00000193cd0c8000  593       3       sun.misc.Unsafe::putLong (11 bytes)
Event: 0.355 Thread 0x00000193ccf64000  594       3       org.lwjgl.system.MemoryUtil::memPutAddress (29 bytes)
Event: 0.355 Thread 0x00000193cd0c8000 nmethod 593 0x0000019380816b10 code [0x0000019380816ca0, 0x0000019380816d98]
Event: 0.355 Thread 0x00000193ccf58000  595       4       java.lang.Integer::toUnsignedLong (7 bytes)
Event: 0.355 Thread 0x00000193ccf64000 nmethod 594 0x0000019380816e10 code [0x0000019380816fc0, 0x0000019380817138]
Event: 0.355 Thread 0x00000193ccf58000 nmethod 595 0x0000019387bc5f10 code [0x0000019387bc6080, 0x0000019387bc60b8]

GC Heap History (0 events):
No events

Deoptimization events (5 events):
Event: 0.087 Thread 0x00000193ea009000 Uncommon trap: reason=unstable_if action=reinterpret pc=0x0000019387bad8e0 method=java.util.HashMap.putVal(ILjava/lang/Object;Ljava/lang/Object;ZZ)Ljava/lang/Object; @ 181 c2
Event: 0.095 Thread 0x00000193ea009000 Uncommon trap: reason=unstable_if action=reinterpret pc=0x0000019387ba5794 method=java.lang.String.isLatin1()Z @ 10 c2
Event: 0.109 Thread 0x00000193ea009000 Uncommon trap: reason=bimorphic_or_optimized_type_check action=maybe_recompile pc=0x0000019387ba9794 method=java.util.AbstractCollection.isEmpty()Z @ 1 c2
Event: 0.109 Thread 0x00000193ea009000 Uncommon trap: reason=bimorphic_or_optimized_type_check action=maybe_recompile pc=0x0000019387ba9794 method=java.util.AbstractCollection.isEmpty()Z @ 1 c2
Event: 0.109 Thread 0x00000193ea009000 Uncommon trap: reason=bimorphic_or_optimized_type_check action=maybe_recompile pc=0x0000019387ba9794 method=java.util.AbstractCollection.isEmpty()Z @ 1 c2

Classes redefined (0 events):
No events

Internal exceptions (10 events):
Event: 0.133 Thread 0x00000193ea009000 Exception <a 'sun/nio/fs/WindowsException'{0x0000000101bd0600}> (0x0000000101bd0600) thrown at [./open/src/hotspot/share/prims/jni.cpp, line 611]
Event: 0.138 Thread 0x00000193ea009000 Exception <a 'java/lang/NoSuchMethodError'{0x00000001010387f8}: java.lang.invoke.DirectMethodHandle$Holder.invokeStaticInit(Ljava/lang/Object;Ljava/lang/Object;IJ)I> (0x00000001010387f8) thrown at [./open/src/hotspot/share/interpreter/linkResolver.cpp, li
Event: 0.139 Thread 0x00000193ea009000 Exception <a 'java/lang/NoSuchMethodError'{0x000000010103d9a0}: java.lang.invoke.Invokers$Holder.linkToTargetMethod(Ljava/lang/Object;ILjava/lang/Object;)Ljava/lang/Object;> (0x000000010103d9a0) thrown at [./open/src/hotspot/share/interpreter/linkResolver
Event: 0.140 Thread 0x00000193ea009000 Exception <a 'java/lang/NoSuchMethodError'{0x000000010104f288}: java.lang.invoke.DirectMethodHandle$Holder.invokeStaticInit(Ljava/lang/Object;Ljava/lang/Object;JJ)I> (0x000000010104f288) thrown at [./open/src/hotspot/share/interpreter/linkResolver.cpp, li
Event: 0.140 Thread 0x00000193ea009000 Exception <a 'java/lang/NoSuchMethodError'{0x000000010105a9e8}: java.lang.invoke.Invokers$Holder.linkToTargetMethod(Ljava/lang/Object;JLjava/lang/Object;)Ljava/lang/Object;> (0x000000010105a9e8) thrown at [./open/src/hotspot/share/interpreter/linkResolver
Event: 0.141 Thread 0x00000193ea009000 Exception <a 'java/lang/NoSuchMethodError'{0x0000000101060d60}: java.lang.invoke.DirectMethodHandle$Holder.invokeStaticInit(Ljava/lang/Object;Ljava/lang/Object;Ljava/lang/Object;J)I> (0x0000000101060d60) thrown at [./open/src/hotspot/share/interpreter/lin
Event: 0.350 Thread 0x00000193ea009000 Exception <a 'sun/nio/fs/WindowsException'{0x00000001011c8660}> (0x00000001011c8660) thrown at [./open/src/hotspot/share/prims/jni.cpp, line 611]
Event: 0.351 Thread 0x00000193ea009000 Exception <a 'sun/nio/fs/WindowsException'{0x00000001011c89f0}> (0x00000001011c89f0) thrown at [./open/src/hotspot/share/prims/jni.cpp, line 611]
Event: 0.352 Thread 0x00000193ea009000 Exception <a 'sun/nio/fs/WindowsException'{0x00000001011dbd00}> (0x00000001011dbd00) thrown at [./open/src/hotspot/share/prims/jni.cpp, line 611]
Event: 0.352 Thread 0x00000193ea009000 Exception <a 'sun/nio/fs/WindowsException'{0x00000001011dbfd0}> (0x00000001011dbfd0) thrown at [./open/src/hotspot/share/prims/jni.cpp, line 611]

Events (10 events):
Event: 0.354 loading class org/lwjgl/system/MemoryManage$DebugAllocator
Event: 0.354 loading class org/lwjgl/system/MemoryManage$DebugAllocator done
Event: 0.354 loading class org/lwjgl/system/libc/LibCStdlib
Event: 0.354 loading class org/lwjgl/system/libc/LibCStdlib done
Event: 0.355 loading class org/lwjgl/opengl/GL$1
Event: 0.355 loading class org/lwjgl/opengl/GL$1 done
Event: 0.355 loading class org/lwjgl/system/SharedLibrary$Delegate
Event: 0.355 loading class org/lwjgl/system/SharedLibrary$Delegate done
Event: 0.355 loading class org/lwjgl/opengl/GL11C
Event: 0.355 loading class org/lwjgl/opengl/GL11C done


Dynamic libraries:
0x00007ff781e50000 - 0x00007ff781e5f000 	C:\Program Files\Java\jdk-11.0.11\bin\java.exe
0x00007fff28850000 - 0x00007fff28a48000 	C:\Windows\SYSTEM32\ntdll.dll
0x00007fff27160000 - 0x00007fff2721d000 	C:\Windows\System32\KERNEL32.DLL
0x00007fff265e0000 - 0x00007fff268ae000 	C:\Windows\System32\KERNELBASE.dll
0x00007fff23780000 - 0x00007fff23810000 	C:\Windows\SYSTEM32\apphelp.dll
0x00007fff260b0000 - 0x00007fff261b0000 	C:\Windows\System32\ucrtbase.dll
0x00007fff1d310000 - 0x00007fff1d328000 	C:\Program Files\Java\jdk-11.0.11\bin\jli.dll
0x00007fff212c0000 - 0x00007fff212d5000 	C:\Program Files\Java\jdk-11.0.11\bin\VCRUNTIME140.dll
0x00007fff28760000 - 0x00007fff2880e000 	C:\Windows\System32\ADVAPI32.dll
0x00007fff27a60000 - 0x00007fff27afe000 	C:\Windows\System32\msvcrt.dll
0x00007fff286c0000 - 0x00007fff2875c000 	C:\Windows\System32\sechost.dll
0x00007fff27730000 - 0x00007fff27855000 	C:\Windows\System32\RPCRT4.dll
0x00007fff278c0000 - 0x00007fff27a60000 	C:\Windows\System32\USER32.dll
0x00007fff265b0000 - 0x00007fff265d2000 	C:\Windows\System32\win32u.dll
0x00007fff16090000 - 0x00007fff1632a000 	C:\Windows\WinSxS\amd64_microsoft.windows.common-controls_6595b64144ccf1df_6.0.19041.1110_none_60b5254171f9507e\COMCTL32.dll
0x00007fff28690000 - 0x00007fff286ba000 	C:\Windows\System32\GDI32.dll
0x00007fff25fa0000 - 0x00007fff260ab000 	C:\Windows\System32\gdi32full.dll
0x00007fff26200000 - 0x00007fff2629d000 	C:\Windows\System32\msvcp_win.dll
0x00007fff1f690000 - 0x00007fff1f69a000 	C:\Windows\SYSTEM32\VERSION.dll
0x00007fff268b0000 - 0x00007fff268e0000 	C:\Windows\System32\IMM32.DLL
0x00007ffeef2f0000 - 0x00007ffeef38b000 	C:\Program Files\Java\jdk-11.0.11\bin\msvcp140.dll
0x00007ffed4590000 - 0x00007ffed508e000 	C:\Program Files\Java\jdk-11.0.11\bin\server\jvm.dll
0x00007fff28680000 - 0x00007fff28688000 	C:\Windows\System32\PSAPI.DLL
0x00007fff1da10000 - 0x00007fff1da37000 	C:\Windows\SYSTEM32\WINMM.dll
0x00007fff138e0000 - 0x00007fff138e9000 	C:\Windows\SYSTEM32\WSOCK32.dll
0x00007fff27630000 - 0x00007fff2769b000 	C:\Windows\System32\WS2_32.dll
0x00007fff23e40000 - 0x00007fff23e52000 	C:\Windows\SYSTEM32\kernel.appcore.dll
0x00007fff1c970000 - 0x00007fff1c980000 	C:\Program Files\Java\jdk-11.0.11\bin\verify.dll
0x00007fff1b400000 - 0x00007fff1b5e4000 	C:\Windows\SYSTEM32\DBGHELP.DLL
0x00007fff0c5b0000 - 0x00007fff0c5dc000 	C:\Windows\SYSTEM32\dbgcore.DLL
0x00007fff26470000 - 0x00007fff264f2000 	C:\Windows\System32\bcryptPrimitives.dll
0x00007fff1bfc0000 - 0x00007fff1bfe8000 	C:\Program Files\Java\jdk-11.0.11\bin\java.dll
0x00007fff1c960000 - 0x00007fff1c96a000 	C:\Program Files\Java\jdk-11.0.11\bin\jimage.dll
0x00007fff1c8e0000 - 0x00007fff1c8ee000 	C:\Program Files\Java\jdk-11.0.11\bin\instrument.dll
0x00007fff1c6c0000 - 0x00007fff1c6d6000 	C:\Program Files\Java\jdk-11.0.11\bin\zip.dll
0x00007fff268e0000 - 0x00007fff27023000 	C:\Windows\System32\SHELL32.dll
0x00007fff24040000 - 0x00007fff247d5000 	C:\Windows\SYSTEM32\windows.storage.dll
0x00007fff27b60000 - 0x00007fff27eb4000 	C:\Windows\System32\combase.dll
0x00007fff258f0000 - 0x00007fff25920000 	C:\Windows\SYSTEM32\Wldp.dll
0x00007fff27580000 - 0x00007fff2762d000 	C:\Windows\System32\SHCORE.dll
0x00007fff27100000 - 0x00007fff27155000 	C:\Windows\System32\shlwapi.dll
0x00007fff25eb0000 - 0x00007fff25ecf000 	C:\Windows\SYSTEM32\profapi.dll
0x00007fff0b590000 - 0x00007fff0b5a9000 	C:\Program Files\Java\jdk-11.0.11\bin\net.dll
0x00007fff1fc50000 - 0x00007fff1fd5a000 	C:\Windows\SYSTEM32\WINHTTP.dll
0x00007fff256d0000 - 0x00007fff2573a000 	C:\Windows\system32\mswsock.dll
0x00007ffeffb00000 - 0x00007ffeffb12000 	C:\Program Files\Java\jdk-11.0.11\bin\nio.dll
0x00007ffeff780000 - 0x00007ffeff79a000 	C:\Program Files\JetBrains\IntelliJ IDEA Community Edition 2021.1.1\bin\breakgen64.dll
0x00007ffeef270000 - 0x00007ffeef2e5000 	C:\Users\Troy\AppData\Local\Temp\lwjglTroy\3.3.1-build-7\lwjgl.dll
0x00007ffee9830000 - 0x00007ffee9891000 	C:\Users\Troy\AppData\Local\Temp\lwjglTroy\3.3.1-build-7\glfw.dll
0x00007ffef1a70000 - 0x00007ffef1ab5000 	C:\Windows\SYSTEM32\dinput8.dll
0x00007ffef41e0000 - 0x00007ffef41f1000 	C:\Windows\SYSTEM32\xinput1_4.dll
0x00007fff261b0000 - 0x00007fff261fe000 	C:\Windows\System32\cfgmgr32.dll
0x00007fff25d20000 - 0x00007fff25d4c000 	C:\Windows\SYSTEM32\DEVOBJ.dll
0x00007fff23c30000 - 0x00007fff23c5f000 	C:\Windows\SYSTEM32\dwmapi.dll
0x00007fff0ea70000 - 0x00007fff0ebc2000 	C:\Windows\SYSTEM32\inputhost.dll
0x00007fff27030000 - 0x00007fff270fd000 	C:\Windows\System32\OLEAUT32.dll
0x00007fff23550000 - 0x00007fff23642000 	C:\Windows\SYSTEM32\CoreMessaging.dll
0x00007fff22b20000 - 0x00007fff22c74000 	C:\Windows\SYSTEM32\wintypes.dll
0x00007fff217d0000 - 0x00007fff218c6000 	C:\Windows\SYSTEM32\PROPSYS.dll
0x00007fff231f0000 - 0x00007fff2354e000 	C:\Windows\SYSTEM32\CoreUIComponents.dll
0x00007fff24c30000 - 0x00007fff24c63000 	C:\Windows\SYSTEM32\ntmarta.dll
0x00007fff238c0000 - 0x00007fff2395e000 	C:\Windows\system32\uxtheme.dll
0x00007fff28560000 - 0x00007fff28675000 	C:\Windows\System32\MSCTF.dll
0x00007ffef00f0000 - 0x00007ffef0217000 	C:\Windows\SYSTEM32\opengl32.dll
0x00007fff1ca00000 - 0x00007fff1ca2c000 	C:\Windows\SYSTEM32\GLU32.dll
0x00007fff27450000 - 0x00007fff274f9000 	C:\Windows\System32\clbcatq.dll
0x00007ffec80c0000 - 0x00007ffecb0e8000 	C:\Windows\System32\DriverStore\FileRepository\nv_dispi.inf_amd64_647b4244e991951b\nvoglv64.dll
0x00007fff27ed0000 - 0x00007fff2833f000 	C:\Windows\System32\SETUPAPI.dll
0x00007fff25f70000 - 0x00007fff25f97000 	C:\Windows\System32\bcrypt.dll
0x00007fff27220000 - 0x00007fff2734a000 	C:\Windows\System32\ole32.dll
0x00007fff219d0000 - 0x00007fff219e4000 	C:\Windows\SYSTEM32\WTSAPI32.dll
0x00007fff25860000 - 0x00007fff2586c000 	C:\Windows\SYSTEM32\CRYPTBASE.DLL
0x00007fff25b60000 - 0x00007fff25b72000 	C:\Windows\SYSTEM32\msasn1.dll
0x00007fff1e410000 - 0x00007fff1e441000 	C:\Windows\SYSTEM32\cryptnet.dll
0x00007fff262a0000 - 0x00007fff263f6000 	C:\Windows\System32\CRYPT32.dll
0x00007fff1e2c0000 - 0x00007fff1e408000 	C:\Windows\SYSTEM32\drvstore.dll
0x00007fff26400000 - 0x00007fff26469000 	C:\Windows\System32\WINTRUST.dll
0x00007fff1e490000 - 0x00007fff1e4cb000 	C:\Windows\SYSTEM32\dxcore.dll
0x00007ffee89e0000 - 0x00007ffee8ca7000 	C:\Windows\system32\nvspcap64.dll
0x00007fff254b0000 - 0x00007fff254fb000 	C:\Windows\SYSTEM32\powrprof.dll
0x00007fff25370000 - 0x00007fff25382000 	C:\Windows\SYSTEM32\UMPDC.dll
0x00007fff24ca0000 - 0x00007fff24cfa000 	C:\Windows\SYSTEM32\WINSTA.dll
0x00007fff15e50000 - 0x00007fff15f49000 	C:\Windows\SYSTEM32\textinputframework.dll
0x00007ffee9df0000 - 0x00007ffee9e4d000 	C:\Users\Troy\AppData\Local\Temp\lwjglTroy\3.3.1-build-7\lwjgl_opengl.dll

dbghelp: loaded successfully - version: 4.0.5 - missing functions: none
symbol engine: initialized successfully - sym options: 0x614 - pdb path: .;C:\Program Files\Java\jdk-11.0.11\bin;C:\Windows\SYSTEM32;C:\Windows\WinSxS\amd64_microsoft.windows.common-controls_6595b64144ccf1df_6.0.19041.1110_none_60b5254171f9507e;C:\Program Files\Java\jdk-11.0.11\bin\server;C:\Program Files\JetBrains\IntelliJ IDEA Community Edition 2021.1.1\bin;C:\Users\Troy\AppData\Local\Temp\lwjglTroy\3.3.1-build-7;C:\Windows\System32\DriverStore\FileRepository\nv_dispi.inf_amd64_647b4244e991951b

VM Arguments:
jvm_args: -javaagent:C:\Program Files\JetBrains\IntelliJ IDEA Community Edition 2021.1.1\lib\idea_rt.jar=58346:C:\Program Files\JetBrains\IntelliJ IDEA Community Edition 2021.1.1\bin -Dfile.encoding=UTF-8 
java_command: Main
java_class_path (initial): C:\Users\Troy\Documents\Programming\JavaOpenGLXR\out\production\JavaOpenGLXR;C:\Users\Troy\Documents\Programming\JavaOpenGLXR\src\lwjgl-3.3.1\lwjgl-glfw-natives-windows.jar;C:\Users\Troy\Documents\Programming\JavaOpenGLXR\src\lwjgl-3.3.1\lwjgl-glfw.jar;C:\Users\Troy\Documents\Programming\JavaOpenGLXR\src\lwjgl-3.3.1\lwjgl-jawt.jar;C:\Users\Troy\Documents\Programming\JavaOpenGLXR\src\lwjgl-3.3.1\lwjgl-natives-windows.jar;C:\Users\Troy\Documents\Programming\JavaOpenGLXR\src\lwjgl-3.3.1\lwjgl-opengl-natives-windows.jar;C:\Users\Troy\Documents\Programming\JavaOpenGLXR\src\lwjgl-3.3.1\lwjgl-opengl.jar;C:\Users\Troy\Documents\Programming\JavaOpenGLXR\src\lwjgl-3.3.1\lwjgl-openxr-natives-windows.jar;C:\Users\Troy\Documents\Programming\JavaOpenGLXR\src\lwjgl-3.3.1\lwjgl-openxr.jar;C:\Users\Troy\Documents\Programming\JavaOpenGLXR\src\lwjgl-3.3.1\lwjgl.jar;C:\Users\Troy\Documents\Programming\JavaOpenGLXR\src\joml\joml-1.10.5.jar
Launcher Type: SUN_STANDARD

[Global flags]
     intx CICompilerCount                          = 12                                        {product} {ergonomic}
     uint ConcGCThreads                            = 3                                         {product} {ergonomic}
     uint G1ConcRefinementThreads                  = 13                                        {product} {ergonomic}
   size_t G1HeapRegionSize                         = 4194304                                   {product} {ergonomic}
    uintx GCDrainStackTargetSize                   = 64                                        {product} {ergonomic}
   size_t InitialHeapSize                          = 2147483648                                {product} {ergonomic}
   size_t MarkStackSize                            = 4194304                                   {product} {ergonomic}
   size_t MaxHeapSize                              = 32178700288                               {product} {ergonomic}
   size_t MaxNewSize                               = 19306381312                               {product} {ergonomic}
   size_t MinHeapDeltaBytes                        = 4194304                                   {product} {ergonomic}
    uintx NonNMethodCodeHeapSize                   = 7594288                                {pd product} {ergonomic}
    uintx NonProfiledCodeHeapSize                  = 122031976                              {pd product} {ergonomic}
    uintx ProfiledCodeHeapSize                     = 122031976                              {pd product} {ergonomic}
    uintx ReservedCodeCacheSize                    = 251658240                              {pd product} {ergonomic}
     bool SegmentedCodeCache                       = true                                      {product} {ergonomic}
     bool UseCompressedClassPointers               = true                                 {lp64_product} {ergonomic}
     bool UseCompressedOops                        = true                                 {lp64_product} {ergonomic}
     bool UseG1GC                                  = true                                      {product} {ergonomic}
     bool UseLargePagesIndividualAllocation        = false                                  {pd product} {ergonomic}

Logging:
Log output configuration:
 #0: stdout all=warning uptime,level,tags
 #1: stderr all=off uptime,level,tags

Environment Variables:
JAVA_HOME=C:\Program Files\Java\jdk-11.0.11
PATH=C:\VulkanSDK\1.3.211.0\Bin;C:\Program Files\Oculus\Support\oculus-runtime;C:\Program Files (x86)\Razer Chroma SDK\bin;C:\Program Files\Razer Chroma SDK\bin;C:\Program Files (x86)\Razer\ChromaBroadcast\bin;C:\Program Files\Razer\ChromaBroadcast\bin;C:\Program Files\Common Files\Oracle\Java\javapath;C:\Program Files (x86)\Common Files\Oracle\Java\javapath;C:\WINDOWS\system32;C:\WINDOWS;C:\WINDOWS\System32\Wbem;C:\WINDOWS\System32\WindowsPowerShell\v1.0\;C:\WINDOWS\System32\OpenSSH\;C:\Program Files\NVIDIA Corporation\NVIDIA NvDLISR;C:\Program Files\WIDCOMM\Bluetooth Software\;C:\Program Files\WIDCOMM\Bluetooth Software\syswow64;C:\Program Files\Git\cmd;C:\WINDOWS\system32;C:\WINDOWS;C:\WINDOWS\System32\Wbem;C:\WINDOWS\System32\WindowsPowerShell\v1.0\;C:\WINDOWS\System32\OpenSSH\;C:\Program Files (x86)\NVIDIA Corporation\PhysX\Common;C:\WINDOWS\system32\config\systemprofile\AppData\Local\Microsoft\WindowsApps;C:\Users\Troy\AppData\Local\Microsoft\WindowsApps;C:\Users\Troy\AppData\Local\GitHubDesktop\bin;C:\Users\Troy\.dotnet\tools;C:\Users\Troy\AppData\Local\Programs\Microsoft VS Code\bin;C:\Program Files\Microsoft SQL Server\130\Tools\Binn\;C:\Program Files (x86)\Windows Kits\10\Windows Performance Toolkit\;C:\Program Files\dotnet\;C:\Users\Troy\AppData\Local\Microsoft\WindowsApps;C:\Users\Troy\AppData\Local\GitHubDesktop\bin;C:\Users\Troy\AppData\Local\Programs\Microsoft VS Code\bin;C:\Program Files\CMake\bin;C:\Users\Troy\.dotnet\tools
USERNAME=Troy
OS=Windows_NT
PROCESSOR_IDENTIFIER=AMD64 Family 25 Model 33 Stepping 0, AuthenticAMD



---------------  S Y S T E M  ---------------

OS: Windows 10 , 64 bit Build 19041 (10.0.19041.1889)
Hyper-V role detected

CPU:total 16 (initial active 16) (16 cores per cpu, 2 threads per core) family 25 model 33 stepping 0 microcode 0x0, cmov, cx8, fxsr, mmx, sse, sse2, sse3, ssse3, sse4.1, sse4.2, popcnt, avx, avx2, aes, clmul, erms, mmxext, 3dnowpref, lzcnt, sse4a, ht, tsc, tscinvbit, tscinv, bmi1, bmi2,

Memory: 4k page, system-wide physical 130981M (114584M free)
TotalPageFile size 150437M (AvailPageFile size 113214M)
current process WorkingSet (physical memory assigned to process): 106M, peak: 106M
current process commit charge ("private bytes"): 2310M, peak: 2310M

vm_info: Java HotSpot(TM) 64-Bit Server VM (11.0.11+9-LTS-194) for windows-amd64 JRE (11.0.11+9-LTS-194), built on Mar 18 2021 18:46:53 by "mach5one" with MS VC++ 15.9 (VS2017)

END.
